[2025-03-14T18:13:20.788] [INFO] uzp - Logger initialized for uzp
[2025-03-14T18:13:20.789] [INFO] database - Database: uzp connection pool initialized
[2025-03-14T18:13:20.790] [INFO] uzp - Running model: uzp
[2025-03-14T18:13:21.027] [INFO] uzp - Found largest id: 2, starting with 3
[2025-03-14T18:13:21.238] [INFO] database - Database: uzp data inserted successfully into scraped_data, index: 3
[2025-03-14T18:13:21.313] [INFO] database - Database: uzp data inserted successfully into scraped_data, index: 4
[2025-03-14T18:13:21.399] [INFO] database - Database: uzp data inserted successfully into scraped_data, index: 5
[2025-03-14T18:13:21.484] [INFO] database - Database: uzp data inserted successfully into scraped_data, index: 6
[2025-03-14T18:13:21.555] [INFO] database - Database: uzp data inserted successfully into scraped_data, index: 7
[2025-03-14T18:13:21.647] [INFO] database - Database: uzp data inserted successfully into scraped_data, index: 8
[2025-03-14T18:13:21.751] [INFO] database - Database: uzp data inserted successfully into scraped_data, index: 9
[2025-03-14T18:13:21.847] [INFO] database - Database: uzp data inserted successfully into scraped_data, index: 10
[2025-03-14T18:13:21.956] [INFO] database - Database: uzp data inserted successfully into scraped_data, index: 11
[2025-03-14T18:13:22.049] [INFO] database - Database: uzp data inserted successfully into scraped_data, index: 12
[2025-03-14T18:13:24.542] [INFO] uzp - Logger initialized for uzp
[2025-03-14T18:13:24.543] [INFO] database - Database: uzp connection pool initialized
[2025-03-14T18:13:24.545] [INFO] uzp - Running model: uzp
[2025-03-14T18:13:24.787] [INFO] uzp - Found largest id: 12, starting with 13
[2025-03-14T18:13:24.943] [INFO] database - Database: uzp data inserted successfully into scraped_data, index: 13
[2025-03-14T18:13:25.036] [INFO] database - Database: uzp data inserted successfully into scraped_data, index: 14
[2025-03-14T18:13:25.128] [INFO] database - Database: uzp data inserted successfully into scraped_data, index: 15
[2025-03-14T18:13:25.244] [INFO] database - Database: uzp data inserted successfully into scraped_data, index: 16
[2025-03-14T18:13:25.335] [INFO] database - Database: uzp data inserted successfully into scraped_data, index: 17
[2025-03-14T18:13:25.830] [INFO] database - Database: uzp data inserted successfully into scraped_data, index: 18
[2025-03-14T18:13:25.916] [INFO] database - Database: uzp data inserted successfully into scraped_data, index: 19
[2025-03-14T18:13:25.975] [INFO] database - Database: uzp data inserted successfully into scraped_data, index: 20
[2025-03-14T18:13:26.205] [INFO] database - Database: uzp data inserted successfully into scraped_data, index: 21
[2025-03-14T18:13:26.323] [INFO] database - Database: uzp data inserted successfully into scraped_data, index: 22
[2025-03-14T18:13:26.464] [INFO] database - Database: uzp data inserted successfully into scraped_data, index: 23
[2025-03-14T18:13:26.569] [INFO] database - Database: uzp data inserted successfully into scraped_data, index: 24
[2025-03-14T18:13:26.660] [INFO] database - Database: uzp data inserted successfully into scraped_data, index: 25
[2025-03-14T18:13:26.757] [INFO] database - Database: uzp data inserted successfully into scraped_data, index: 26
[2025-03-14T18:13:26.850] [INFO] database - Database: uzp data inserted successfully into scraped_data, index: 27
[2025-03-14T18:13:26.989] [INFO] database - Database: uzp data inserted successfully into scraped_data, index: 28
[2025-03-14T18:13:27.669] [INFO] database - Database: uzp data inserted successfully into scraped_data, index: 29
[2025-03-14T18:13:27.741] [INFO] database - Database: uzp data inserted successfully into scraped_data, index: 30
[2025-03-14T18:13:27.861] [INFO] database - Database: uzp data inserted successfully into scraped_data, index: 31
[2025-03-14T18:13:27.954] [INFO] database - Database: uzp data inserted successfully into scraped_data, index: 32
[2025-03-14T18:13:28.046] [INFO] database - Database: uzp data inserted successfully into scraped_data, index: 33
[2025-03-14T18:13:28.195] [INFO] database - Database: uzp data inserted successfully into scraped_data, index: 34
[2025-03-14T18:13:28.285] [INFO] database - Database: uzp data inserted successfully into scraped_data, index: 35
[2025-03-14T18:13:28.370] [INFO] database - Database: uzp data inserted successfully into scraped_data, index: 36
[2025-03-14T18:13:28.486] [INFO] database - Database: uzp data inserted successfully into scraped_data, index: 37
[2025-03-14T18:13:28.552] [INFO] database - Database: uzp data inserted successfully into scraped_data, index: 38
[2025-03-14T18:13:28.639] [INFO] database - Database: uzp data inserted successfully into scraped_data, index: 39
[2025-03-14T18:13:28.970] [INFO] database - Database: uzp data inserted successfully into scraped_data, index: 40
[2025-03-14T18:13:29.070] [INFO] database - Database: uzp data inserted successfully into scraped_data, index: 41
[2025-03-14T18:13:29.156] [INFO] database - Database: uzp data inserted successfully into scraped_data, index: 42
[2025-03-14T18:13:29.235] [INFO] database - Database: uzp data inserted successfully into scraped_data, index: 43
[2025-03-14T18:13:29.309] [INFO] database - Database: uzp data inserted successfully into scraped_data, index: 44
[2025-03-14T18:13:29.432] [INFO] database - Database: uzp data inserted successfully into scraped_data, index: 45
[2025-03-14T18:13:29.531] [INFO] database - Database: uzp data inserted successfully into scraped_data, index: 46
[2025-03-14T18:13:29.626] [INFO] database - Database: uzp data inserted successfully into scraped_data, index: 47
[2025-03-14T18:13:29.710] [INFO] database - Database: uzp data inserted successfully into scraped_data, index: 48
[2025-03-14T18:13:29.777] [INFO] database - Database: uzp data inserted successfully into scraped_data, index: 49
[2025-03-14T18:13:29.865] [INFO] database - Database: uzp data inserted successfully into scraped_data, index: 50
[2025-03-14T18:13:29.962] [INFO] database - Database: uzp data inserted successfully into scraped_data, index: 51
[2025-03-14T18:13:30.079] [INFO] database - Database: uzp data inserted successfully into scraped_data, index: 52
[2025-03-14T18:13:30.160] [INFO] database - Database: uzp data inserted successfully into scraped_data, index: 53
[2025-03-14T18:13:31.124] [INFO] database - Database: uzp data inserted successfully into scraped_data, index: 54
[2025-03-14T18:13:31.204] [INFO] database - Database: uzp data inserted successfully into scraped_data, index: 55
[2025-03-14T18:13:31.277] [INFO] database - Database: uzp data inserted successfully into scraped_data, index: 56
[2025-03-14T18:13:31.370] [INFO] database - Database: uzp data inserted successfully into scraped_data, index: 57
[2025-03-14T18:13:31.458] [INFO] database - Database: uzp data inserted successfully into scraped_data, index: 58
[2025-03-14T18:13:31.548] [INFO] database - Database: uzp data inserted successfully into scraped_data, index: 59
[2025-03-14T18:13:31.657] [INFO] database - Database: uzp data inserted successfully into scraped_data, index: 60
[2025-03-14T18:13:31.743] [INFO] database - Database: uzp data inserted successfully into scraped_data, index: 61
[2025-03-14T18:13:31.855] [INFO] database - Database: uzp data inserted successfully into scraped_data, index: 62
[2025-03-14T18:13:31.927] [INFO] database - Database: uzp data inserted successfully into scraped_data, index: 63
[2025-03-14T18:13:32.012] [INFO] database - Database: uzp data inserted successfully into scraped_data, index: 64
[2025-03-14T18:13:32.119] [INFO] database - Database: uzp data inserted successfully into scraped_data, index: 65
[2025-03-14T18:13:32.214] [INFO] database - Database: uzp data inserted successfully into scraped_data, index: 66
[2025-03-14T18:13:32.304] [INFO] database - Database: uzp data inserted successfully into scraped_data, index: 67
[2025-03-14T18:13:32.468] [INFO] database - Database: uzp data inserted successfully into scraped_data, index: 68
[2025-03-14T18:13:32.606] [INFO] database - Database: uzp data inserted successfully into scraped_data, index: 69
[2025-03-14T18:13:32.685] [INFO] database - Database: uzp data inserted successfully into scraped_data, index: 70
[2025-03-14T18:13:32.773] [INFO] database - Database: uzp data inserted successfully into scraped_data, index: 71
[2025-03-14T18:13:32.908] [INFO] database - Database: uzp data inserted successfully into scraped_data, index: 72
[2025-03-14T18:13:32.976] [INFO] database - Database: uzp data inserted successfully into scraped_data, index: 73
[2025-03-14T18:13:33.069] [INFO] database - Database: uzp data inserted successfully into scraped_data, index: 74
[2025-03-14T18:13:33.139] [INFO] database - Database: uzp data inserted successfully into scraped_data, index: 75
[2025-03-14T18:13:33.262] [INFO] database - Database: uzp data inserted successfully into scraped_data, index: 76
[2025-03-14T18:13:33.367] [INFO] database - Database: uzp data inserted successfully into scraped_data, index: 77
[2025-03-14T18:13:33.458] [INFO] database - Database: uzp data inserted successfully into scraped_data, index: 78
[2025-03-14T18:13:33.495] [INFO] database - Database: uzp data inserted successfully into scraped_data, index: 79
[2025-03-14T18:13:33.495] [WARN] uzp - Page does not exist: 404, url: https://orzeczenia.uzp.gov.pl/Home/Details/79
[2025-03-14T18:13:33.586] [INFO] database - Database: uzp data inserted successfully into scraped_data, index: 80
[2025-03-14T18:13:33.672] [INFO] database - Database: uzp data inserted successfully into scraped_data, index: 81
[2025-03-14T18:13:33.746] [INFO] database - Database: uzp data inserted successfully into scraped_data, index: 82
[2025-03-14T18:13:34.315] [INFO] database - Database: uzp data inserted successfully into scraped_data, index: 83
[2025-03-14T18:13:34.390] [INFO] database - Database: uzp data inserted successfully into scraped_data, index: 84
[2025-03-14T18:13:34.490] [INFO] database - Database: uzp data inserted successfully into scraped_data, index: 85
[2025-03-14T18:13:34.559] [INFO] database - Database: uzp data inserted successfully into scraped_data, index: 86
[2025-03-14T18:13:34.634] [INFO] database - Database: uzp data inserted successfully into scraped_data, index: 87
[2025-03-14T18:13:34.727] [INFO] database - Database: uzp data inserted successfully into scraped_data, index: 88
[2025-03-14T18:13:34.808] [INFO] database - Database: uzp data inserted successfully into scraped_data, index: 89
[2025-03-14T18:13:34.919] [INFO] database - Database: uzp data inserted successfully into scraped_data, index: 90
[2025-03-14T18:13:34.997] [INFO] database - Database: uzp data inserted successfully into scraped_data, index: 91
[2025-03-14T18:13:35.159] [INFO] database - Database: uzp data inserted successfully into scraped_data, index: 92
[2025-03-14T18:13:35.271] [INFO] database - Database: uzp data inserted successfully into scraped_data, index: 93
[2025-03-14T18:13:35.776] [INFO] database - Database: uzp data inserted successfully into scraped_data, index: 94
[2025-03-14T18:13:35.887] [INFO] database - Database: uzp data inserted successfully into scraped_data, index: 95
[2025-03-14T18:13:35.971] [INFO] database - Database: uzp data inserted successfully into scraped_data, index: 96
[2025-03-14T18:13:36.052] [INFO] database - Database: uzp data inserted successfully into scraped_data, index: 97
[2025-03-14T18:13:36.170] [INFO] database - Database: uzp data inserted successfully into scraped_data, index: 98
[2025-03-14T18:13:36.222] [INFO] database - Database: uzp data inserted successfully into scraped_data, index: 99
[2025-03-14T18:13:36.275] [INFO] database - Database: uzp data inserted successfully into scraped_data, index: 100
[2025-03-14T18:13:36.312] [INFO] database - Database: uzp data inserted successfully into scraped_data, index: 101
[2025-03-14T18:13:36.401] [INFO] database - Database: uzp data inserted successfully into scraped_data, index: 102
[2025-03-14T18:13:36.519] [INFO] database - Database: uzp data inserted successfully into scraped_data, index: 103
[2025-03-14T18:13:36.593] [INFO] database - Database: uzp data inserted successfully into scraped_data, index: 104
[2025-03-14T18:13:36.667] [INFO] database - Database: uzp data inserted successfully into scraped_data, index: 105
[2025-03-14T18:13:36.743] [INFO] database - Database: uzp data inserted successfully into scraped_data, index: 106
[2025-03-14T18:13:36.830] [INFO] database - Database: uzp data inserted successfully into scraped_data, index: 107
[2025-03-14T18:13:36.900] [INFO] database - Database: uzp data inserted successfully into scraped_data, index: 108
[2025-03-14T18:13:36.988] [INFO] database - Database: uzp data inserted successfully into scraped_data, index: 109
[2025-03-14T18:13:37.380] [INFO] database - Database: uzp data inserted successfully into scraped_data, index: 110
[2025-03-14T18:13:37.479] [INFO] database - Database: uzp data inserted successfully into scraped_data, index: 111
[2025-03-14T18:13:37.656] [INFO] database - Database: uzp data inserted successfully into scraped_data, index: 112
[2025-03-14T18:13:37.737] [INFO] database - Database: uzp data inserted successfully into scraped_data, index: 113
[2025-03-14T18:13:37.827] [INFO] database - Database: uzp data inserted successfully into scraped_data, index: 114
[2025-03-14T18:13:37.909] [INFO] database - Database: uzp data inserted successfully into scraped_data, index: 115
[2025-03-14T18:13:38.020] [INFO] database - Database: uzp data inserted successfully into scraped_data, index: 116
[2025-03-14T18:13:38.108] [INFO] database - Database: uzp data inserted successfully into scraped_data, index: 117
[2025-03-14T18:13:38.264] [INFO] database - Database: uzp data inserted successfully into scraped_data, index: 118
[2025-03-14T18:13:38.343] [INFO] database - Database: uzp data inserted successfully into scraped_data, index: 119
[2025-03-14T18:13:38.858] [INFO] database - Database: uzp data inserted successfully into scraped_data, index: 120
[2025-03-14T18:13:38.952] [INFO] database - Database: uzp data inserted successfully into scraped_data, index: 121
[2025-03-14T18:13:39.029] [INFO] database - Database: uzp data inserted successfully into scraped_data, index: 122
[2025-03-14T18:13:39.158] [INFO] database - Database: uzp data inserted successfully into scraped_data, index: 123
[2025-03-14T18:13:39.230] [INFO] database - Database: uzp data inserted successfully into scraped_data, index: 124
[2025-03-14T18:13:39.307] [INFO] database - Database: uzp data inserted successfully into scraped_data, index: 125
[2025-03-14T18:13:39.419] [INFO] database - Database: uzp data inserted successfully into scraped_data, index: 126
[2025-03-14T18:13:39.542] [INFO] database - Database: uzp data inserted successfully into scraped_data, index: 127
[2025-03-14T18:13:39.624] [INFO] database - Database: uzp data inserted successfully into scraped_data, index: 128
[2025-03-14T18:13:39.733] [INFO] database - Database: uzp data inserted successfully into scraped_data, index: 129
[2025-03-14T18:13:39.813] [INFO] database - Database: uzp data inserted successfully into scraped_data, index: 130
[2025-03-14T18:13:39.894] [INFO] database - Database: uzp data inserted successfully into scraped_data, index: 131
[2025-03-14T18:13:39.998] [INFO] database - Database: uzp data inserted successfully into scraped_data, index: 132
[2025-03-14T18:13:40.070] [INFO] database - Database: uzp data inserted successfully into scraped_data, index: 133
[2025-03-14T18:13:40.543] [INFO] database - Database: uzp data inserted successfully into scraped_data, index: 134
[2025-03-14T18:13:40.635] [INFO] database - Database: uzp data inserted successfully into scraped_data, index: 135
[2025-03-14T18:13:40.764] [INFO] database - Database: uzp data inserted successfully into scraped_data, index: 136
[2025-03-14T18:13:40.851] [INFO] database - Database: uzp data inserted successfully into scraped_data, index: 137
[2025-03-14T18:13:40.852] [INFO] database - Closing database: uzp connection pool
[2025-03-14T18:13:54.562] [INFO] uzp - Logger initialized for uzp
[2025-03-14T18:13:54.563] [INFO] database - Database: uzp connection pool initialized
[2025-03-14T18:13:54.565] [INFO] uzp - Running model: uzp
[2025-03-14T18:13:54.794] [INFO] uzp - Found largest id: 137, starting with 138
[2025-03-14T18:13:55.190] [INFO] database - Database: uzp data inserted successfully into scraped_data, index: 138
[2025-03-14T18:13:55.523] [INFO] database - Database: uzp data inserted successfully into scraped_data, index: 139
[2025-03-14T18:13:55.844] [INFO] database - Database: uzp data inserted successfully into scraped_data, index: 140
[2025-03-14T18:13:56.236] [INFO] database - Database: uzp data inserted successfully into scraped_data, index: 141
[2025-03-14T18:13:58.403] [INFO] uzp - Logger initialized for uzp
[2025-03-14T18:13:58.404] [INFO] database - Database: uzp connection pool initialized
[2025-03-14T18:14:03.974] [INFO] database - Closing database: uzp connection pool
