[2025-03-14T18:01:14.122] [INFO] uzp - Logger initialized for uzp
[2025-03-14T18:01:14.123] [INFO] database - Database: uzp connection pool initialized
[2025-03-14T18:01:14.124] [INFO] uzp - Running model: uzp
[2025-03-14T18:01:14.359] [INFO] uzp - Found largest id: 161, starting with 162
[2025-03-14T18:01:18.080] [INFO] uzp - Logger initialized for uzp
[2025-03-14T18:01:18.081] [INFO] database - Database: uzp connection pool initialized
[2025-03-14T18:01:18.083] [INFO] uzp - Running model: uzp
[2025-03-14T18:01:18.309] [INFO] uzp - Found largest id: 161, starting with 162
[2025-03-14T18:01:21.906] [INFO] uzp - Logger initialized for uzp
[2025-03-14T18:01:21.907] [INFO] database - Database: uzp connection pool initialized
[2025-03-14T18:01:21.916] [INFO] uzp - Running model: uzp
[2025-03-14T18:01:22.302] [INFO] uzp - Found largest id: 161, starting with 162
[2025-03-14T18:01:39.072] [INFO] uzp - Logger initialized for uzp
[2025-03-14T18:01:39.073] [INFO] database - Database: uzp connection pool initialized
[2025-03-14T18:01:39.081] [INFO] uzp - Running model: uzp
[2025-03-14T18:01:39.461] [INFO] uzp - Found largest id: 161, starting with 162
[2025-03-14T18:01:39.847] [INFO] database - Database: uzp data inserted successfully into scraped_data, index: 162
[2025-03-14T18:01:40.179] [INFO] database - Database: uzp data inserted successfully into scraped_data, index: 163
[2025-03-14T18:01:40.536] [INFO] database - Database: uzp data inserted successfully into scraped_data, index: 164
[2025-03-14T18:01:40.859] [INFO] database - Database: uzp data inserted successfully into scraped_data, index: 165
[2025-03-14T18:01:41.303] [INFO] database - Database: uzp data inserted successfully into scraped_data, index: 166
[2025-03-14T18:01:41.641] [INFO] database - Database: uzp data inserted successfully into scraped_data, index: 167
[2025-03-14T18:01:41.937] [INFO] database - Database: uzp data inserted successfully into scraped_data, index: 168
[2025-03-14T18:01:42.257] [INFO] database - Database: uzp data inserted successfully into scraped_data, index: 169
[2025-03-14T18:01:43.216] [INFO] database - Database: uzp data inserted successfully into scraped_data, index: 170
[2025-03-14T18:01:43.518] [INFO] database - Database: uzp data inserted successfully into scraped_data, index: 171
[2025-03-14T18:01:43.831] [INFO] database - Database: uzp data inserted successfully into scraped_data, index: 172
[2025-03-14T18:01:44.149] [INFO] database - Database: uzp data inserted successfully into scraped_data, index: 173
[2025-03-14T18:01:44.457] [INFO] database - Database: uzp data inserted successfully into scraped_data, index: 174
[2025-03-14T18:01:44.740] [INFO] database - Database: uzp data inserted successfully into scraped_data, index: 175
[2025-03-14T18:01:45.026] [INFO] database - Database: uzp data inserted successfully into scraped_data, index: 176
[2025-03-14T18:01:45.361] [INFO] database - Database: uzp data inserted successfully into scraped_data, index: 177
[2025-03-14T18:01:45.671] [INFO] database - Database: uzp data inserted successfully into scraped_data, index: 178
[2025-03-14T18:01:46.348] [INFO] database - Database: uzp data inserted successfully into scraped_data, index: 179
[2025-03-14T18:01:46.659] [INFO] database - Database: uzp data inserted successfully into scraped_data, index: 180
[2025-03-14T18:01:46.955] [INFO] database - Database: uzp data inserted successfully into scraped_data, index: 181
[2025-03-14T18:01:47.310] [INFO] database - Database: uzp data inserted successfully into scraped_data, index: 182
[2025-03-14T18:01:48.003] [INFO] database - Database: uzp data inserted successfully into scraped_data, index: 183
[2025-03-14T18:01:48.300] [INFO] database - Database: uzp data inserted successfully into scraped_data, index: 184
[2025-03-14T18:01:48.688] [INFO] database - Database: uzp data inserted successfully into scraped_data, index: 185
[2025-03-14T18:01:48.995] [INFO] database - Database: uzp data inserted successfully into scraped_data, index: 186
[2025-03-14T18:01:49.295] [INFO] database - Database: uzp data inserted successfully into scraped_data, index: 187
[2025-03-14T18:01:49.595] [INFO] database - Database: uzp data inserted successfully into scraped_data, index: 188
[2025-03-14T18:01:49.905] [INFO] database - Database: uzp data inserted successfully into scraped_data, index: 189
[2025-03-14T18:01:50.213] [INFO] database - Database: uzp data inserted successfully into scraped_data, index: 190
[2025-03-14T18:01:50.526] [INFO] database - Database: uzp data inserted successfully into scraped_data, index: 191
