[2025-03-22T10:03:27.543] [INFO] sn - Logger initialized for sn
[2025-03-22T10:03:27.544] [INFO] database - Database: sn connection pool initialized
[2025-03-22T10:03:27.546] [INFO] data-parser - snParser init
[2025-03-22T10:03:27.641] [INFO] data-parser - Found 160 rows to process
[2025-03-22T10:03:27.689] [INFO] data-parser - Processed row ID: null
[2025-03-22T10:03:27.723] [INFO] data-parser - Processed row ID: null
[2025-03-22T10:03:27.736] [INFO] data-parser - Processed row ID: null
[2025-03-22T10:03:27.751] [INFO] data-parser - Processed row ID: 1
[2025-03-22T10:03:27.766] [INFO] data-parser - Processed row ID: 2
[2025-03-22T10:03:27.783] [INFO] data-parser - Processed row ID: 3
[2025-03-22T10:03:27.802] [INFO] data-parser - Processed row ID: 4
[2025-03-22T10:03:27.813] [INFO] data-parser - Processed row ID: 5
[2025-03-22T10:03:27.831] [INFO] data-parser - Processed row ID: 6
[2025-03-22T10:03:27.843] [INFO] data-parser - Processed row ID: 7
[2025-03-22T10:03:27.854] [INFO] data-parser - Processed row ID: 8
[2025-03-22T10:03:27.863] [INFO] data-parser - Processed row ID: 9
[2025-03-22T10:03:27.880] [INFO] data-parser - Processed row ID: 10
[2025-03-22T10:03:27.895] [INFO] data-parser - Processed row ID: 11
[2025-03-22T10:03:27.908] [INFO] data-parser - Processed row ID: 12
[2025-03-22T10:03:27.917] [INFO] data-parser - Processed row ID: 13
[2025-03-22T10:03:27.926] [INFO] data-parser - Processed row ID: 14
[2025-03-22T10:03:27.941] [INFO] data-parser - Processed row ID: 15
[2025-03-22T10:03:27.951] [INFO] data-parser - Processed row ID: 16
[2025-03-22T10:03:27.965] [INFO] data-parser - Processed row ID: 17
[2025-03-22T10:03:27.975] [INFO] data-parser - Processed row ID: 18
[2025-03-22T10:03:27.984] [INFO] data-parser - Processed row ID: 19
[2025-03-22T10:03:27.996] [INFO] data-parser - Processed row ID: 20
[2025-03-22T10:03:28.006] [INFO] data-parser - Processed row ID: 21
[2025-03-22T10:03:28.017] [INFO] data-parser - Processed row ID: 22
[2025-03-22T10:03:28.031] [INFO] data-parser - Processed row ID: 23
[2025-03-22T10:03:28.040] [INFO] data-parser - Processed row ID: 24
[2025-03-22T10:03:28.049] [INFO] data-parser - Processed row ID: 25
[2025-03-22T10:03:28.060] [INFO] data-parser - Processed row ID: 26
[2025-03-22T10:03:28.069] [INFO] data-parser - Processed row ID: 27
[2025-03-22T10:03:28.079] [INFO] data-parser - Processed row ID: 28
[2025-03-22T10:03:28.093] [INFO] data-parser - Processed row ID: 29
[2025-03-22T10:03:28.104] [INFO] data-parser - Processed row ID: 30
[2025-03-22T10:03:28.115] [INFO] data-parser - Processed row ID: 31
[2025-03-22T10:03:28.128] [INFO] data-parser - Processed row ID: 32
[2025-03-22T10:03:28.139] [INFO] data-parser - Processed row ID: 33
[2025-03-22T10:03:28.149] [INFO] data-parser - Processed row ID: 34
[2025-03-22T10:03:28.162] [INFO] data-parser - Processed row ID: 35
[2025-03-22T10:03:28.173] [INFO] data-parser - Processed row ID: 36
[2025-03-22T10:03:28.181] [INFO] data-parser - Processed row ID: 37
[2025-03-22T10:03:28.196] [INFO] data-parser - Processed row ID: 38
[2025-03-22T10:03:28.205] [INFO] data-parser - Processed row ID: 39
[2025-03-22T10:03:28.216] [INFO] data-parser - Processed row ID: 40
[2025-03-22T10:03:28.229] [INFO] data-parser - Processed row ID: 41
[2025-03-22T10:03:28.237] [INFO] data-parser - Processed row ID: 42
[2025-03-22T10:03:28.246] [INFO] data-parser - Processed row ID: 43
[2025-03-22T10:03:28.259] [INFO] data-parser - Processed row ID: 44
[2025-03-22T10:03:28.268] [INFO] data-parser - Processed row ID: 45
[2025-03-22T10:03:28.278] [INFO] data-parser - Processed row ID: 46
[2025-03-22T10:03:28.295] [INFO] data-parser - Processed row ID: 47
[2025-03-22T10:03:28.308] [INFO] data-parser - Processed row ID: 48
[2025-03-22T10:03:28.318] [INFO] data-parser - Processed row ID: 49
[2025-03-22T10:03:28.332] [INFO] data-parser - Processed row ID: 50
[2025-03-22T10:03:28.341] [INFO] data-parser - Processed row ID: 51
[2025-03-22T10:03:28.352] [INFO] data-parser - Processed row ID: 52
[2025-03-22T10:03:28.368] [INFO] data-parser - Processed row ID: 53
[2025-03-22T10:03:28.379] [INFO] data-parser - Processed row ID: 54
[2025-03-22T10:03:28.392] [INFO] data-parser - Processed row ID: 55
[2025-03-22T10:03:28.414] [INFO] data-parser - Processed row ID: 56
[2025-03-22T10:03:28.425] [INFO] data-parser - Processed row ID: 57
[2025-03-22T10:03:28.435] [INFO] data-parser - Processed row ID: 58
[2025-03-22T10:03:28.450] [INFO] data-parser - Processed row ID: 59
[2025-03-22T10:03:28.460] [INFO] data-parser - Processed row ID: 60
[2025-03-22T10:03:28.470] [INFO] data-parser - Processed row ID: 61
[2025-03-22T10:03:28.482] [INFO] data-parser - Processed row ID: 62
[2025-03-22T10:03:28.492] [INFO] data-parser - Processed row ID: 63
[2025-03-22T10:03:28.503] [INFO] data-parser - Processed row ID: 64
[2025-03-22T10:03:28.516] [INFO] data-parser - Processed row ID: 65
[2025-03-22T10:03:28.528] [INFO] data-parser - Processed row ID: 66
[2025-03-22T10:03:28.538] [INFO] data-parser - Processed row ID: 67
[2025-03-22T10:03:28.553] [INFO] data-parser - Processed row ID: 68
[2025-03-22T10:03:28.562] [INFO] data-parser - Processed row ID: 69
[2025-03-22T10:03:28.571] [INFO] data-parser - Processed row ID: 70
[2025-03-22T10:03:28.585] [INFO] data-parser - Processed row ID: 71
[2025-03-22T10:03:28.594] [INFO] data-parser - Processed row ID: 72
[2025-03-22T10:03:28.604] [INFO] data-parser - Processed row ID: 73
[2025-03-22T10:03:28.617] [INFO] data-parser - Processed row ID: 74
[2025-03-22T10:03:28.626] [INFO] data-parser - Processed row ID: 75
[2025-03-22T10:03:28.634] [INFO] data-parser - Processed row ID: 76
[2025-03-22T10:03:28.647] [INFO] data-parser - Processed row ID: 77
[2025-03-22T10:03:28.656] [INFO] data-parser - Processed row ID: 78
[2025-03-22T10:03:28.664] [INFO] data-parser - Processed row ID: 79
[2025-03-22T10:03:28.677] [INFO] data-parser - Processed row ID: 80
[2025-03-22T10:03:28.685] [INFO] data-parser - Processed row ID: 81
[2025-03-22T10:03:28.694] [INFO] data-parser - Processed row ID: 82
[2025-03-22T10:03:28.708] [INFO] data-parser - Processed row ID: 83
[2025-03-22T10:03:28.717] [INFO] data-parser - Processed row ID: 84
[2025-03-22T10:03:28.728] [INFO] data-parser - Processed row ID: 85
[2025-03-22T10:03:28.740] [INFO] data-parser - Processed row ID: 86
[2025-03-22T10:03:28.748] [INFO] data-parser - Processed row ID: 87
[2025-03-22T10:03:28.757] [INFO] data-parser - Processed row ID: 88
[2025-03-22T10:03:28.768] [INFO] data-parser - Processed row ID: 89
[2025-03-22T10:03:28.778] [INFO] data-parser - Processed row ID: 90
[2025-03-22T10:03:28.786] [INFO] data-parser - Processed row ID: 91
[2025-03-22T10:03:28.802] [INFO] data-parser - Processed row ID: 92
[2025-03-22T10:03:28.810] [INFO] data-parser - Processed row ID: 93
[2025-03-22T10:03:28.819] [INFO] data-parser - Processed row ID: 94
[2025-03-22T10:03:28.833] [INFO] data-parser - Processed row ID: 95
[2025-03-22T10:03:28.844] [INFO] data-parser - Processed row ID: 96
[2025-03-22T10:03:28.853] [INFO] data-parser - Processed row ID: 97
[2025-03-22T10:03:28.863] [INFO] data-parser - Processed row ID: 98
[2025-03-22T10:03:28.875] [INFO] data-parser - Processed row ID: 99
[2025-03-22T10:03:28.883] [INFO] data-parser - Processed row ID: 100
[2025-03-22T10:03:28.896] [INFO] data-parser - Processed row ID: 101
[2025-03-22T10:03:28.905] [INFO] data-parser - Processed row ID: 102
[2025-03-22T10:03:28.914] [INFO] data-parser - Processed row ID: 103
[2025-03-22T10:03:49.711] [INFO] sn - Logger initialized for sn
[2025-03-22T10:03:49.712] [INFO] database - Database: sn connection pool initialized
[2025-03-22T10:03:49.714] [INFO] data-parser - snParser init
[2025-03-22T10:03:49.809] [INFO] data-parser - Found 160 rows to process
[2025-03-22T10:03:49.855] [INFO] data-parser - Processed row ID: null
[2025-03-22T10:03:49.882] [INFO] data-parser - Processed row ID: null
[2025-03-22T10:03:49.894] [INFO] data-parser - Processed row ID: null
[2025-03-22T10:03:49.906] [INFO] data-parser - Processed row ID: 1
[2025-03-22T10:03:49.917] [INFO] data-parser - Processed row ID: 2
[2025-03-22T10:03:49.928] [INFO] data-parser - Processed row ID: 3
[2025-03-22T10:03:49.947] [INFO] data-parser - Processed row ID: 4
[2025-03-22T10:03:49.958] [INFO] data-parser - Processed row ID: 5
[2025-03-22T10:03:49.974] [INFO] data-parser - Processed row ID: 6
[2025-03-22T10:03:49.983] [INFO] data-parser - Processed row ID: 7
[2025-03-22T10:03:49.993] [INFO] data-parser - Processed row ID: 8
[2025-03-22T10:03:50.002] [INFO] data-parser - Processed row ID: 9
[2025-03-22T10:03:50.016] [INFO] data-parser - Processed row ID: 10
[2025-03-22T10:03:50.028] [INFO] data-parser - Processed row ID: 11
[2025-03-22T10:03:50.039] [INFO] data-parser - Processed row ID: 12
[2025-03-22T10:03:50.049] [INFO] data-parser - Processed row ID: 13
[2025-03-22T10:03:50.058] [INFO] data-parser - Processed row ID: 14
[2025-03-22T10:03:50.071] [INFO] data-parser - Processed row ID: 15
[2025-03-22T10:03:50.082] [INFO] data-parser - Processed row ID: 16
[2025-03-22T10:03:50.096] [INFO] data-parser - Processed row ID: 17
[2025-03-22T10:03:50.104] [INFO] data-parser - Processed row ID: 18
[2025-03-22T10:03:50.113] [INFO] data-parser - Processed row ID: 19
[2025-03-22T10:03:50.125] [INFO] data-parser - Processed row ID: 20
[2025-03-22T10:03:50.135] [INFO] data-parser - Processed row ID: 21
[2025-03-22T10:03:50.144] [INFO] data-parser - Processed row ID: 22
[2025-03-22T10:03:50.157] [INFO] data-parser - Processed row ID: 23
[2025-03-22T10:03:50.166] [INFO] data-parser - Processed row ID: 24
[2025-03-22T10:03:50.175] [INFO] data-parser - Processed row ID: 25
[2025-03-22T10:03:50.188] [INFO] data-parser - Processed row ID: 26
[2025-03-22T10:03:50.196] [INFO] data-parser - Processed row ID: 27
[2025-03-22T10:03:50.206] [INFO] data-parser - Processed row ID: 28
[2025-03-22T10:03:50.219] [INFO] data-parser - Processed row ID: 29
[2025-03-22T10:03:50.230] [INFO] data-parser - Processed row ID: 30
[2025-03-22T10:03:50.239] [INFO] data-parser - Processed row ID: 31
[2025-03-22T10:03:50.251] [INFO] data-parser - Processed row ID: 32
[2025-03-22T10:03:50.262] [INFO] data-parser - Processed row ID: 33
[2025-03-22T10:03:50.271] [INFO] data-parser - Processed row ID: 34
[2025-03-22T10:03:50.283] [INFO] data-parser - Processed row ID: 35
[2025-03-22T10:03:50.294] [INFO] data-parser - Processed row ID: 36
[2025-03-22T10:03:50.301] [INFO] data-parser - Processed row ID: 37
[2025-03-22T10:03:50.315] [INFO] data-parser - Processed row ID: 38
[2025-03-22T10:03:50.324] [INFO] data-parser - Processed row ID: 39
[2025-03-22T10:03:50.332] [INFO] data-parser - Processed row ID: 40
[2025-03-22T10:03:50.345] [INFO] data-parser - Processed row ID: 41
[2025-03-22T10:03:50.354] [INFO] data-parser - Processed row ID: 42
[2025-03-22T10:03:50.363] [INFO] data-parser - Processed row ID: 43
[2025-03-22T10:03:50.376] [INFO] data-parser - Processed row ID: 44
[2025-03-22T10:03:50.386] [INFO] data-parser - Processed row ID: 45
[2025-03-22T10:03:50.394] [INFO] data-parser - Processed row ID: 46
[2025-03-22T10:03:50.406] [INFO] data-parser - Processed row ID: 47
[2025-03-22T10:03:50.419] [INFO] data-parser - Processed row ID: 48
[2025-03-22T10:03:50.429] [INFO] data-parser - Processed row ID: 49
[2025-03-22T10:03:50.442] [INFO] data-parser - Processed row ID: 50
[2025-03-22T10:03:50.451] [INFO] data-parser - Processed row ID: 51
[2025-03-22T10:03:50.461] [INFO] data-parser - Processed row ID: 52
[2025-03-22T10:03:50.474] [INFO] data-parser - Processed row ID: 53
[2025-03-22T10:03:50.484] [INFO] data-parser - Processed row ID: 54
[2025-03-22T10:03:50.494] [INFO] data-parser - Processed row ID: 55
[2025-03-22T10:03:50.517] [INFO] data-parser - Processed row ID: 56
[2025-03-22T10:03:50.528] [INFO] data-parser - Processed row ID: 57
[2025-03-22T10:03:50.537] [INFO] data-parser - Processed row ID: 58
[2025-03-22T10:03:50.550] [INFO] data-parser - Processed row ID: 59
[2025-03-22T10:03:50.561] [INFO] data-parser - Processed row ID: 60
[2025-03-22T10:03:50.570] [INFO] data-parser - Processed row ID: 61
[2025-03-22T10:03:50.582] [INFO] data-parser - Processed row ID: 62
[2025-03-22T10:03:50.591] [INFO] data-parser - Processed row ID: 63
[2025-03-22T10:03:50.604] [INFO] data-parser - Processed row ID: 64
[2025-03-22T10:03:50.620] [INFO] data-parser - Processed row ID: 65
[2025-03-22T10:03:50.630] [INFO] data-parser - Processed row ID: 66
