[2025-03-22T13:12:45.121] [INFO] sn - Logger initialized for sn
[2025-03-22T13:12:45.122] [INFO] database - Database: sn connection pool initialized
[2025-03-22T13:12:45.123] [INFO] data-parser - snParser init
[2025-03-22T13:12:45.629] [INFO] data-parser - Found 1118 rows to process
[2025-03-22T13:12:45.694] [INFO] data-parser - Processed row ID: 31
[2025-03-22T13:12:45.723] [INFO] data-parser - Processed row ID: 32
[2025-03-22T13:12:45.749] [INFO] data-parser - Processed row ID: 33
[2025-03-22T13:12:45.770] [INFO] data-parser - Processed row ID: 34
[2025-03-22T13:12:45.797] [INFO] data-parser - Processed row ID: 35
[2025-03-22T13:12:45.820] [INFO] data-parser - Processed row ID: 36
[2025-03-22T13:12:45.840] [INFO] data-parser - Processed row ID: 37
[2025-03-22T13:12:45.864] [INFO] data-parser - Processed row ID: 38
[2025-03-22T13:12:45.884] [INFO] data-parser - Processed row ID: 39
[2025-03-22T13:12:45.902] [INFO] data-parser - Processed row ID: 40
[2025-03-22T13:12:45.922] [INFO] data-parser - Processed row ID: 41
[2025-03-22T13:12:45.940] [INFO] data-parser - Processed row ID: 42
[2025-03-22T13:12:45.957] [INFO] data-parser - Processed row ID: 43
[2025-03-22T13:12:45.979] [INFO] data-parser - Processed row ID: 44
[2025-03-22T13:12:45.999] [INFO] data-parser - Processed row ID: 45
[2025-03-22T13:12:46.018] [INFO] data-parser - Processed row ID: 46
[2025-03-22T13:12:46.041] [INFO] data-parser - Processed row ID: 47
[2025-03-22T13:12:46.062] [INFO] data-parser - Processed row ID: 48
[2025-03-22T13:12:46.080] [INFO] data-parser - Processed row ID: 49
