[2025-03-22T09:35:13.800] [INFO] sn - Logger initialized for sn
[2025-03-22T09:35:13.801] [INFO] database - Database: sn connection pool initialized
[2025-03-22T09:35:13.803] [INFO] sn - Running model: sn
[2025-03-22T09:35:14.037] [INFO] sn - Running date: 2025-02-18
[2025-03-22T09:35:15.175] [INFO] database - Database: sn Added column itemSID (INT) to table scraped_data
[2025-03-22T09:35:15.189] [INFO] database - Database: sn data inserted successfully into scraped_data, index: 1
[2025-03-22T09:35:15.190] [INFO] sn - Skipping duplicate case with ItemSID: 2025-02-18
[2025-03-22T09:35:15.190] [INFO] sn - Skipping duplicate case with ItemSID: 2025-02-18
[2025-03-22T09:35:15.191] [INFO] sn - Skipping duplicate case with ItemSID: 2025-02-18
[2025-03-22T09:35:15.191] [INFO] sn - Skipping duplicate case with ItemSID: 2025-02-18
[2025-03-22T09:35:15.192] [INFO] sn - Skipping duplicate case with ItemSID: 2025-02-18
[2025-03-22T09:35:15.192] [INFO] sn - Skipping duplicate case with ItemSID: 2025-02-18
[2025-03-22T09:35:15.193] [INFO] sn - Skipping duplicate case with ItemSID: 2025-02-18
[2025-03-22T09:35:15.193] [INFO] sn - Skipping duplicate case with ItemSID: 2025-02-18
[2025-03-22T09:35:15.194] [INFO] sn - Skipping duplicate case with ItemSID: 2025-02-18
[2025-03-22T09:35:15.194] [INFO] sn - Skipping duplicate case with ItemSID: 2025-02-18
[2025-03-22T09:35:15.195] [INFO] sn - Skipping duplicate case with ItemSID: 2025-02-18
[2025-03-22T09:35:15.195] [INFO] sn - Skipping duplicate case with ItemSID: 2025-02-18
[2025-03-22T09:35:15.196] [INFO] sn - Skipping duplicate case with ItemSID: 2025-02-18
[2025-03-22T09:35:15.196] [INFO] sn - Skipping duplicate case with ItemSID: 2025-02-18
[2025-03-22T09:35:15.197] [INFO] sn - Skipping duplicate case with ItemSID: 2025-02-18
[2025-03-22T09:35:15.197] [INFO] sn - Skipping duplicate case with ItemSID: 2025-02-18
[2025-03-22T09:35:15.198] [INFO] sn - Skipping duplicate case with ItemSID: 2025-02-18
[2025-03-22T09:35:15.198] [INFO] sn - Skipping duplicate case with ItemSID: 2025-02-18
[2025-03-22T09:35:15.199] [INFO] sn - Skipping duplicate case with ItemSID: 2025-02-18
[2025-03-22T09:35:15.199] [INFO] sn - Skipping duplicate case with ItemSID: 2025-02-18
[2025-03-22T09:35:15.200] [INFO] sn - Skipping duplicate case with ItemSID: 2025-02-18
[2025-03-22T09:35:15.200] [INFO] sn - Skipping duplicate case with ItemSID: 2025-02-18
[2025-03-22T09:35:15.201] [INFO] sn - Skipping duplicate case with ItemSID: 2025-02-18
[2025-03-22T09:35:15.201] [INFO] sn - Skipping duplicate case with ItemSID: 2025-02-18
[2025-03-22T09:35:15.202] [INFO] sn - Skipping duplicate case with ItemSID: 2025-02-18
[2025-03-22T09:35:15.202] [INFO] sn - Skipping duplicate case with ItemSID: 2025-02-18
[2025-03-22T09:35:15.202] [INFO] sn - Skipping duplicate case with ItemSID: 2025-02-18
[2025-03-22T09:35:15.203] [INFO] sn - Skipping duplicate case with ItemSID: 2025-02-18
[2025-03-22T09:35:15.204] [INFO] sn - Skipping duplicate case with ItemSID: 2025-02-18
[2025-03-22T09:35:15.204] [INFO] sn - Skipping duplicate case with ItemSID: 2025-02-18
[2025-03-22T09:35:15.204] [INFO] sn - Skipping duplicate case with ItemSID: 2025-02-18
[2025-03-22T09:35:15.205] [INFO] sn - Skipping duplicate case with ItemSID: 2025-02-18
[2025-03-22T09:35:15.205] [INFO] sn - Skipping duplicate case with ItemSID: 2025-02-18
[2025-03-22T09:35:15.206] [INFO] sn - Skipping duplicate case with ItemSID: 2025-02-18
[2025-03-22T09:35:15.206] [INFO] sn - Skipping duplicate case with ItemSID: 2025-02-18
[2025-03-22T09:35:15.207] [INFO] sn - Skipping duplicate case with ItemSID: 2025-02-18
[2025-03-22T09:35:15.207] [INFO] sn - Skipping duplicate case with ItemSID: 2025-02-18
[2025-03-22T09:35:15.207] [INFO] sn - Skipping duplicate case with ItemSID: 2025-02-18
[2025-03-22T09:35:15.208] [INFO] sn - Skipping duplicate case with ItemSID: 2025-02-18
[2025-03-22T09:35:15.208] [INFO] sn - Skipping duplicate case with ItemSID: 2025-02-18
[2025-03-22T09:35:15.208] [INFO] sn - Skipping duplicate case with ItemSID: 2025-02-18
[2025-03-22T09:35:15.209] [INFO] sn - Skipping duplicate case with ItemSID: 2025-02-18
[2025-03-22T09:35:15.209] [INFO] sn - Skipping duplicate case with ItemSID: 2025-02-18
[2025-03-22T09:35:15.210] [INFO] sn - Skipping duplicate case with ItemSID: 2025-02-18
[2025-03-22T09:35:15.210] [INFO] sn - Skipping duplicate case with ItemSID: 2025-02-18
[2025-03-22T09:35:15.211] [INFO] sn - Skipping duplicate case with ItemSID: 2025-02-18
[2025-03-22T09:35:15.211] [INFO] sn - Skipping duplicate case with ItemSID: 2025-02-18
[2025-03-22T09:35:15.211] [INFO] sn - Skipping duplicate case with ItemSID: 2025-02-18
[2025-03-22T09:35:15.212] [INFO] sn - Skipping duplicate case with ItemSID: 2025-02-18
[2025-03-22T09:35:15.212] [INFO] sn - Skipping duplicate case with ItemSID: 2025-02-18
[2025-03-22T09:35:15.213] [INFO] sn - Skipping duplicate case with ItemSID: 2025-02-18
[2025-03-22T09:35:15.213] [INFO] sn - Skipping duplicate case with ItemSID: 2025-02-18
[2025-03-22T09:35:15.214] [INFO] sn - Skipping duplicate case with ItemSID: 2025-02-18
[2025-03-22T09:35:15.214] [INFO] sn - Skipping duplicate case with ItemSID: 2025-02-18
[2025-03-22T09:35:15.215] [INFO] sn - Skipping duplicate case with ItemSID: 2025-02-18
[2025-03-22T09:35:15.215] [INFO] sn - Skipping duplicate case with ItemSID: 2025-02-18
[2025-03-22T09:35:15.216] [INFO] sn - Skipping duplicate case with ItemSID: 2025-02-18
[2025-03-22T09:35:15.216] [INFO] sn - Skipping duplicate case with ItemSID: 2025-02-18
[2025-03-22T09:35:15.217] [INFO] sn - Skipping duplicate case with ItemSID: 2025-02-18
[2025-03-22T09:35:15.217] [INFO] sn - Skipping duplicate case with ItemSID: 2025-02-18
[2025-03-22T09:35:15.218] [INFO] sn - Skipping duplicate case with ItemSID: 2025-02-18
[2025-03-22T09:35:15.218] [INFO] sn - Skipping duplicate case with ItemSID: 2025-02-18
[2025-03-22T09:35:15.218] [INFO] sn - Skipping duplicate case with ItemSID: 2025-02-18
[2025-03-22T09:35:15.219] [INFO] sn - Skipping duplicate case with ItemSID: 2025-02-18
[2025-03-22T09:35:15.220] [INFO] sn - Skipping duplicate case with ItemSID: 2025-02-18
[2025-03-22T09:35:15.220] [INFO] sn - Skipping duplicate case with ItemSID: 2025-02-18
[2025-03-22T09:35:15.220] [INFO] sn - Skipping duplicate case with ItemSID: 2025-02-18
[2025-03-22T09:35:15.221] [INFO] sn - Skipping duplicate case with ItemSID: 2025-02-18
[2025-03-22T09:35:15.221] [INFO] sn - Skipping duplicate case with ItemSID: 2025-02-18
[2025-03-22T09:35:15.222] [INFO] sn - Skipping duplicate case with ItemSID: 2025-02-18
[2025-03-22T09:35:15.222] [INFO] sn - Skipping duplicate case with ItemSID: 2025-02-18
[2025-03-22T09:35:15.223] [INFO] sn - Skipping duplicate case with ItemSID: 2025-02-18
[2025-03-22T09:35:15.223] [INFO] sn - Skipping duplicate case with ItemSID: 2025-02-18
[2025-03-22T09:35:15.224] [INFO] sn - Skipping duplicate case with ItemSID: 2025-02-18
[2025-03-22T09:35:15.224] [INFO] sn - Skipping duplicate case with ItemSID: 2025-02-18
[2025-03-22T09:35:15.224] [INFO] sn - Skipping duplicate case with ItemSID: 2025-02-18
[2025-03-22T09:35:15.225] [INFO] sn - Skipping duplicate case with ItemSID: 2025-02-18
[2025-03-22T09:35:15.225] [INFO] sn - Skipping duplicate case with ItemSID: 2025-02-18
[2025-03-22T09:35:15.226] [INFO] sn - Skipping duplicate case with ItemSID: 2025-02-18
[2025-03-22T09:35:15.226] [INFO] sn - Skipping duplicate case with ItemSID: 2025-02-18
[2025-03-22T09:35:15.226] [INFO] sn - Skipping duplicate case with ItemSID: 2025-02-18
[2025-03-22T09:35:15.227] [INFO] sn - Skipping duplicate case with ItemSID: 2025-02-18
[2025-03-22T09:35:15.227] [INFO] sn - Skipping duplicate case with ItemSID: 2025-02-18
[2025-03-22T09:35:15.228] [INFO] sn - Skipping duplicate case with ItemSID: 2025-02-18
[2025-03-22T09:35:53.329] [INFO] sn - Logger initialized for sn
[2025-03-22T09:35:53.330] [INFO] database - Database: sn connection pool initialized
[2025-03-22T09:35:53.331] [INFO] sn - Running model: sn
[2025-03-22T09:35:53.553] [INFO] sn - Running date: 2025-02-18
[2025-03-22T09:35:54.679] [ERROR] database - Database: sn Error inserting data into scraped_data: Column 'item_sid' cannot be null
[2025-03-22T09:35:54.679] [ERROR] sn - Found error scraping sn: Database: sn insertData error: Column 'item_sid' cannot be null, date: 2025-02-18
[2025-03-22T09:35:55.805] [INFO] sn - Running date: 2025-02-18
