[2025-03-22T09:47:09.363] [INFO] sn - Logger initialized for sn
[2025-03-22T09:47:09.364] [INFO] database - Database: sn connection pool initialized
[2025-03-22T09:47:09.366] [INFO] sn - Running model: sn
[2025-03-22T09:47:09.591] [INFO] sn - Running date: 2025-02-18
[2025-03-22T09:47:10.841] [INFO] database - Database: sn data inserted successfully into scraped_data, index: 1
[2025-03-22T09:47:11.430] [INFO] database - Database: sn data inserted successfully into scraped_data, index: 2
[2025-03-22T09:47:11.916] [INFO] database - Database: sn data inserted successfully into scraped_data, index: 3
[2025-03-22T09:47:12.574] [INFO] database - Database: sn data inserted successfully into scraped_data, index: 4
[2025-03-22T09:47:13.080] [INFO] database - Database: sn data inserted successfully into scraped_data, index: 5
[2025-03-22T09:47:13.714] [INFO] database - Database: sn data inserted successfully into scraped_data, index: 6
[2025-03-22T09:47:14.381] [INFO] database - Database: sn data inserted successfully into scraped_data, index: 7
[2025-03-22T09:47:15.043] [INFO] database - Database: sn data inserted successfully into scraped_data, index: 8
[2025-03-22T09:47:15.561] [INFO] database - Database: sn data inserted successfully into scraped_data, index: 9
[2025-03-22T09:47:16.113] [INFO] database - Database: sn data inserted successfully into scraped_data, index: 10
[2025-03-22T09:47:16.703] [INFO] database - Database: sn data inserted successfully into scraped_data, index: 11
[2025-03-22T09:47:17.280] [INFO] database - Database: sn data inserted successfully into scraped_data, index: 12
[2025-03-22T09:47:17.806] [INFO] database - Database: sn data inserted successfully into scraped_data, index: 13
[2025-03-22T09:47:18.364] [INFO] database - Database: sn data inserted successfully into scraped_data, index: 14
[2025-03-22T09:47:19.179] [INFO] database - Database: sn data inserted successfully into scraped_data, index: 15
[2025-03-22T09:47:19.768] [INFO] database - Database: sn data inserted successfully into scraped_data, index: 16
[2025-03-22T09:47:20.338] [INFO] database - Database: sn data inserted successfully into scraped_data, index: 17
[2025-03-22T09:47:20.880] [INFO] database - Database: sn data inserted successfully into scraped_data, index: 18
[2025-03-22T09:47:21.433] [INFO] database - Database: sn data inserted successfully into scraped_data, index: 19
[2025-03-22T09:47:22.213] [INFO] database - Database: sn data inserted successfully into scraped_data, index: 20
[2025-03-22T09:47:22.960] [INFO] database - Database: sn data inserted successfully into scraped_data, index: 21
[2025-03-22T09:47:23.526] [INFO] database - Database: sn data inserted successfully into scraped_data, index: 22
[2025-03-22T09:47:24.241] [INFO] database - Database: sn data inserted successfully into scraped_data, index: 23
[2025-03-22T09:47:25.121] [INFO] database - Database: sn data inserted successfully into scraped_data, index: 24
[2025-03-22T09:47:25.708] [INFO] database - Database: sn data inserted successfully into scraped_data, index: 25
[2025-03-22T09:47:26.307] [INFO] database - Database: sn data inserted successfully into scraped_data, index: 26
[2025-03-22T09:47:26.903] [INFO] database - Database: sn data inserted successfully into scraped_data, index: 27
[2025-03-22T09:47:27.615] [INFO] database - Database: sn data inserted successfully into scraped_data, index: 28
[2025-03-22T09:47:28.239] [INFO] database - Database: sn data inserted successfully into scraped_data, index: 1
[2025-03-22T09:47:29.026] [INFO] database - Database: sn data inserted successfully into scraped_data, index: 2
[2025-03-22T09:47:29.606] [INFO] database - Database: sn data inserted successfully into scraped_data, index: 3
[2025-03-22T09:47:30.288] [INFO] database - Database: sn data inserted successfully into scraped_data, index: 4
[2025-03-22T09:47:30.828] [INFO] database - Database: sn data inserted successfully into scraped_data, index: 5
[2025-03-22T09:47:31.386] [INFO] database - Database: sn data inserted successfully into scraped_data, index: 6
[2025-03-22T09:47:32.018] [INFO] database - Database: sn data inserted successfully into scraped_data, index: 7
[2025-03-22T09:47:32.708] [INFO] database - Database: sn data inserted successfully into scraped_data, index: 8
[2025-03-22T09:47:33.290] [INFO] database - Database: sn data inserted successfully into scraped_data, index: 9
[2025-03-22T09:47:33.873] [INFO] database - Database: sn data inserted successfully into scraped_data, index: 10
[2025-03-22T09:47:34.523] [INFO] database - Database: sn data inserted successfully into scraped_data, index: 11
[2025-03-22T09:47:35.290] [INFO] database - Database: sn data inserted successfully into scraped_data, index: 12
[2025-03-22T09:47:35.976] [INFO] database - Database: sn data inserted successfully into scraped_data, index: 13
[2025-03-22T09:47:36.724] [INFO] database - Database: sn data inserted successfully into scraped_data, index: 14
[2025-03-22T09:47:37.477] [INFO] database - Database: sn data inserted successfully into scraped_data, index: 15
[2025-03-22T09:47:38.146] [INFO] database - Database: sn data inserted successfully into scraped_data, index: 16
[2025-03-22T09:47:38.920] [INFO] database - Database: sn data inserted successfully into scraped_data, index: 17
[2025-03-22T09:47:39.993] [INFO] database - Database: sn data inserted successfully into scraped_data, index: 18
[2025-03-22T09:47:40.727] [INFO] database - Database: sn data inserted successfully into scraped_data, index: 19
[2025-03-22T09:47:41.425] [INFO] database - Database: sn data inserted successfully into scraped_data, index: 20
[2025-03-22T09:47:42.146] [INFO] database - Database: sn data inserted successfully into scraped_data, index: 21
[2025-03-22T09:47:42.831] [INFO] database - Database: sn data inserted successfully into scraped_data, index: 22
[2025-03-22T09:47:43.543] [INFO] database - Database: sn data inserted successfully into scraped_data, index: 23
[2025-03-22T09:47:44.617] [INFO] database - Database: sn data inserted successfully into scraped_data, index: 24
[2025-03-22T09:47:45.193] [INFO] database - Database: sn data inserted successfully into scraped_data, index: 25
[2025-03-22T09:47:48.284] [INFO] database - Database: sn data inserted successfully into scraped_data, index: 26
[2025-03-22T09:47:49.035] [INFO] database - Database: sn data inserted successfully into scraped_data, index: 27
[2025-03-22T09:47:49.653] [INFO] database - Database: sn data inserted successfully into scraped_data, index: 28
[2025-03-22T09:47:50.296] [INFO] database - Database: sn data inserted successfully into scraped_data, index: 29
[2025-03-22T09:47:50.905] [INFO] database - Database: sn data inserted successfully into scraped_data, index: 30
[2025-03-22T09:47:51.543] [INFO] database - Database: sn data inserted successfully into scraped_data, index: 31
[2025-03-22T09:47:52.255] [INFO] database - Database: sn data inserted successfully into scraped_data, index: 32
[2025-03-22T09:47:52.888] [INFO] database - Database: sn data inserted successfully into scraped_data, index: 33
[2025-03-22T09:47:53.462] [INFO] database - Database: sn data inserted successfully into scraped_data, index: 34
[2025-03-22T09:47:54.643] [INFO] database - Database: sn data inserted successfully into scraped_data, index: 35
[2025-03-22T09:47:55.348] [INFO] database - Database: sn data inserted successfully into scraped_data, index: 36
[2025-03-22T09:47:55.858] [INFO] database - Database: sn data inserted successfully into scraped_data, index: 37
[2025-03-22T09:47:56.458] [INFO] database - Database: sn data inserted successfully into scraped_data, index: 38
[2025-03-22T09:47:57.007] [INFO] database - Database: sn data inserted successfully into scraped_data, index: 39
[2025-03-22T09:47:57.633] [INFO] database - Database: sn data inserted successfully into scraped_data, index: 40
[2025-03-22T09:47:58.215] [INFO] database - Database: sn data inserted successfully into scraped_data, index: 41
[2025-03-22T09:47:58.699] [INFO] database - Database: sn data inserted successfully into scraped_data, index: 42
[2025-03-22T09:47:59.303] [INFO] database - Database: sn data inserted successfully into scraped_data, index: 43
[2025-03-22T09:47:59.898] [INFO] database - Database: sn data inserted successfully into scraped_data, index: 44
[2025-03-22T09:48:00.620] [INFO] database - Database: sn data inserted successfully into scraped_data, index: 45
[2025-03-22T09:48:01.267] [INFO] database - Database: sn data inserted successfully into scraped_data, index: 46
[2025-03-22T09:48:01.930] [INFO] database - Database: sn data inserted successfully into scraped_data, index: 47
[2025-03-22T09:48:02.625] [INFO] database - Database: sn data inserted successfully into scraped_data, index: 48
[2025-03-22T09:48:03.305] [INFO] database - Database: sn data inserted successfully into scraped_data, index: 49
[2025-03-22T09:48:04.078] [INFO] database - Database: sn data inserted successfully into scraped_data, index: 50
[2025-03-22T09:48:04.729] [INFO] database - Database: sn data inserted successfully into scraped_data, index: 51
[2025-03-22T09:48:05.407] [INFO] database - Database: sn data inserted successfully into scraped_data, index: 52
[2025-03-22T09:48:06.043] [INFO] database - Database: sn data inserted successfully into scraped_data, index: 53
[2025-03-22T09:48:06.581] [INFO] database - Database: sn data inserted successfully into scraped_data, index: 54
[2025-03-22T09:48:07.136] [INFO] database - Database: sn data inserted successfully into scraped_data, index: 55
[2025-03-22T09:48:07.639] [INFO] database - Database: sn data inserted successfully into scraped_data, index: 56
[2025-03-22T09:48:08.245] [INFO] database - Database: sn data inserted successfully into scraped_data, index: 57
[2025-03-22T09:48:19.801] [INFO] sn - Running date: 2025-02-19
[2025-03-22T09:48:21.609] [INFO] database - Database: sn data inserted successfully into scraped_data, index: 58
[2025-03-22T09:48:22.206] [INFO] database - Database: sn data inserted successfully into scraped_data, index: 59
[2025-03-22T09:48:22.719] [INFO] database - Database: sn data inserted successfully into scraped_data, index: 60
[2025-03-22T09:48:23.303] [INFO] database - Database: sn data inserted successfully into scraped_data, index: 61
[2025-03-22T09:48:23.900] [INFO] database - Database: sn data inserted successfully into scraped_data, index: 62
[2025-03-22T09:48:24.896] [INFO] database - Database: sn data inserted successfully into scraped_data, index: 63
[2025-03-22T09:48:25.448] [INFO] database - Database: sn data inserted successfully into scraped_data, index: 64
[2025-03-22T09:48:26.120] [INFO] database - Database: sn data inserted successfully into scraped_data, index: 65
[2025-03-22T09:48:29.306] [INFO] database - Database: sn data inserted successfully into scraped_data, index: 66
[2025-03-22T09:48:29.910] [INFO] database - Database: sn data inserted successfully into scraped_data, index: 67
[2025-03-22T09:48:30.483] [INFO] database - Database: sn data inserted successfully into scraped_data, index: 68
[2025-03-22T09:48:31.152] [INFO] database - Database: sn data inserted successfully into scraped_data, index: 69
[2025-03-22T09:48:31.723] [INFO] database - Database: sn data inserted successfully into scraped_data, index: 70
[2025-03-22T09:48:32.240] [INFO] database - Database: sn data inserted successfully into scraped_data, index: 71
[2025-03-22T09:48:32.904] [INFO] database - Database: sn data inserted successfully into scraped_data, index: 72
[2025-03-22T09:48:33.425] [INFO] database - Database: sn data inserted successfully into scraped_data, index: 73
[2025-03-22T09:48:34.002] [INFO] database - Database: sn data inserted successfully into scraped_data, index: 74
[2025-03-22T09:48:34.618] [INFO] database - Database: sn data inserted successfully into scraped_data, index: 75
[2025-03-22T09:48:35.219] [INFO] database - Database: sn data inserted successfully into scraped_data, index: 76
[2025-03-22T09:48:35.762] [INFO] database - Database: sn data inserted successfully into scraped_data, index: 77
[2025-03-22T09:48:36.326] [INFO] database - Database: sn data inserted successfully into scraped_data, index: 78
[2025-03-22T09:48:36.925] [INFO] database - Database: sn data inserted successfully into scraped_data, index: 79
[2025-03-22T09:48:37.569] [INFO] database - Database: sn data inserted successfully into scraped_data, index: 80
[2025-03-22T09:48:38.125] [INFO] database - Database: sn data inserted successfully into scraped_data, index: 81
[2025-03-22T09:48:38.673] [INFO] database - Database: sn data inserted successfully into scraped_data, index: 82
[2025-03-22T09:48:39.181] [INFO] database - Database: sn data inserted successfully into scraped_data, index: 83
[2025-03-22T09:48:39.734] [INFO] database - Database: sn data inserted successfully into scraped_data, index: 84
[2025-03-22T09:48:40.496] [INFO] database - Database: sn data inserted successfully into scraped_data, index: 85
[2025-03-22T09:48:41.253] [INFO] database - Database: sn data inserted successfully into scraped_data, index: 86
[2025-03-22T09:48:41.913] [INFO] database - Database: sn data inserted successfully into scraped_data, index: 87
[2025-03-22T09:48:42.556] [INFO] database - Database: sn data inserted successfully into scraped_data, index: 88
[2025-03-22T09:48:43.197] [INFO] database - Database: sn data inserted successfully into scraped_data, index: 89
[2025-03-22T09:48:43.825] [INFO] database - Database: sn data inserted successfully into scraped_data, index: 90
[2025-03-22T09:48:44.399] [INFO] database - Database: sn data inserted successfully into scraped_data, index: 91
[2025-03-22T09:48:45.032] [INFO] database - Database: sn data inserted successfully into scraped_data, index: 92
[2025-03-22T09:48:45.543] [INFO] database - Database: sn data inserted successfully into scraped_data, index: 93
[2025-03-22T09:48:46.049] [INFO] database - Database: sn data inserted successfully into scraped_data, index: 94
[2025-03-22T09:48:46.599] [INFO] database - Database: sn data inserted successfully into scraped_data, index: 95
[2025-03-22T09:48:47.185] [INFO] database - Database: sn data inserted successfully into scraped_data, index: 96
[2025-03-22T09:48:47.733] [INFO] database - Database: sn data inserted successfully into scraped_data, index: 97
[2025-03-22T09:48:48.346] [INFO] database - Database: sn data inserted successfully into scraped_data, index: 98
[2025-03-22T09:48:48.942] [INFO] database - Database: sn data inserted successfully into scraped_data, index: 99
[2025-03-22T09:48:49.455] [INFO] database - Database: sn data inserted successfully into scraped_data, index: 100
[2025-03-22T09:48:50.050] [INFO] database - Database: sn data inserted successfully into scraped_data, index: 101
[2025-03-22T09:48:50.650] [INFO] database - Database: sn data inserted successfully into scraped_data, index: 102
[2025-03-22T09:48:51.204] [INFO] database - Database: sn data inserted successfully into scraped_data, index: 103
[2025-03-22T09:48:51.796] [INFO] database - Database: sn data inserted successfully into scraped_data, index: 104
[2025-03-22T09:48:54.973] [INFO] database - Database: sn data inserted successfully into scraped_data, index: 105
[2025-03-22T09:48:55.512] [INFO] database - Database: sn data inserted successfully into scraped_data, index: 106
[2025-03-22T09:48:56.074] [INFO] database - Database: sn data inserted successfully into scraped_data, index: 107
[2025-03-22T09:48:56.618] [INFO] database - Database: sn data inserted successfully into scraped_data, index: 108
[2025-03-22T09:48:57.206] [INFO] database - Database: sn data inserted successfully into scraped_data, index: 109
[2025-03-22T09:48:57.708] [INFO] database - Database: sn data inserted successfully into scraped_data, index: 110
[2025-03-22T09:48:58.278] [INFO] database - Database: sn data inserted successfully into scraped_data, index: 111
[2025-03-22T09:48:59.181] [INFO] database - Database: sn data inserted successfully into scraped_data, index: 112
[2025-03-22T09:48:59.760] [INFO] database - Database: sn data inserted successfully into scraped_data, index: 113
[2025-03-22T09:49:00.399] [INFO] database - Database: sn data inserted successfully into scraped_data, index: 114
[2025-03-22T09:49:00.943] [INFO] database - Database: sn data inserted successfully into scraped_data, index: 115
[2025-03-22T09:49:01.532] [INFO] database - Database: sn data inserted successfully into scraped_data, index: 116
[2025-03-22T09:49:02.117] [INFO] database - Database: sn data inserted successfully into scraped_data, index: 117
[2025-03-22T09:49:02.716] [INFO] database - Database: sn data inserted successfully into scraped_data, index: 118
[2025-03-22T09:49:03.391] [INFO] database - Database: sn data inserted successfully into scraped_data, index: 119
[2025-03-22T09:49:03.987] [INFO] database - Database: sn data inserted successfully into scraped_data, index: 120
[2025-03-22T09:49:04.578] [INFO] database - Database: sn data inserted successfully into scraped_data, index: 121
[2025-03-22T09:49:05.149] [INFO] database - Database: sn data inserted successfully into scraped_data, index: 122
[2025-03-22T09:49:05.710] [INFO] database - Database: sn data inserted successfully into scraped_data, index: 123
[2025-03-22T09:49:06.287] [INFO] database - Database: sn data inserted successfully into scraped_data, index: 124
[2025-03-22T09:49:06.991] [INFO] database - Database: sn data inserted successfully into scraped_data, index: 125
[2025-03-22T09:49:07.625] [INFO] database - Database: sn data inserted successfully into scraped_data, index: 126
[2025-03-22T09:49:08.146] [INFO] database - Database: sn data inserted successfully into scraped_data, index: 127
[2025-03-22T09:49:08.778] [INFO] database - Database: sn data inserted successfully into scraped_data, index: 128
[2025-03-22T09:49:09.437] [INFO] database - Database: sn data inserted successfully into scraped_data, index: 129
[2025-03-22T09:49:10.073] [INFO] database - Database: sn data inserted successfully into scraped_data, index: 130
[2025-03-22T09:49:10.639] [INFO] database - Database: sn data inserted successfully into scraped_data, index: 131
[2025-03-22T09:49:11.177] [INFO] database - Database: sn data inserted successfully into scraped_data, index: 132
[2025-03-22T09:49:11.799] [INFO] database - Database: sn data inserted successfully into scraped_data, index: 133
[2025-03-22T09:49:12.387] [INFO] database - Database: sn data inserted successfully into scraped_data, index: 134
[2025-03-22T09:49:12.970] [INFO] database - Database: sn data inserted successfully into scraped_data, index: 135
[2025-03-22T09:49:13.577] [INFO] database - Database: sn data inserted successfully into scraped_data, index: 136
[2025-03-22T09:49:14.144] [INFO] database - Database: sn data inserted successfully into scraped_data, index: 137
[2025-03-22T09:49:17.516] [INFO] database - Database: sn data inserted successfully into scraped_data, index: 138
[2025-03-22T09:49:18.136] [INFO] database - Database: sn data inserted successfully into scraped_data, index: 139
[2025-03-22T09:49:18.773] [INFO] database - Database: sn data inserted successfully into scraped_data, index: 140
[2025-03-22T09:49:19.410] [INFO] database - Database: sn data inserted successfully into scraped_data, index: 141
[2025-03-22T09:49:19.912] [INFO] database - Database: sn data inserted successfully into scraped_data, index: 142
[2025-03-22T09:49:20.403] [INFO] database - Database: sn data inserted successfully into scraped_data, index: 143
[2025-03-22T09:49:20.927] [INFO] database - Database: sn data inserted successfully into scraped_data, index: 144
[2025-03-22T09:49:21.431] [INFO] database - Database: sn data inserted successfully into scraped_data, index: 145
[2025-03-22T09:49:22.018] [INFO] database - Database: sn data inserted successfully into scraped_data, index: 146
[2025-03-22T09:49:22.618] [INFO] database - Database: sn data inserted successfully into scraped_data, index: 147
[2025-03-22T09:49:23.141] [INFO] database - Database: sn data inserted successfully into scraped_data, index: 148
[2025-03-22T09:49:23.653] [INFO] database - Database: sn data inserted successfully into scraped_data, index: 149
[2025-03-22T09:49:24.637] [INFO] database - Database: sn data inserted successfully into scraped_data, index: 150
[2025-03-22T09:49:25.162] [INFO] database - Database: sn data inserted successfully into scraped_data, index: 151
[2025-03-22T09:49:25.715] [INFO] database - Database: sn data inserted successfully into scraped_data, index: 152
[2025-03-22T09:49:26.297] [INFO] database - Database: sn data inserted successfully into scraped_data, index: 153
[2025-03-22T09:49:26.764] [INFO] database - Database: sn data inserted successfully into scraped_data, index: 154
[2025-03-22T09:49:27.358] [INFO] database - Database: sn data inserted successfully into scraped_data, index: 155
[2025-03-22T09:49:27.961] [INFO] database - Database: sn data inserted successfully into scraped_data, index: 156
[2025-03-22T09:49:28.603] [INFO] database - Database: sn data inserted successfully into scraped_data, index: 157
[2025-03-22T09:49:29.135] [INFO] database - Database: sn data inserted successfully into scraped_data, index: 158
[2025-03-22T09:49:29.686] [INFO] database - Database: sn data inserted successfully into scraped_data, index: 159
[2025-03-22T09:49:30.223] [INFO] database - Database: sn data inserted successfully into scraped_data, index: 160
[2025-03-22T09:49:30.784] [INFO] database - Database: sn data inserted successfully into scraped_data, index: 161
[2025-03-22T09:49:31.403] [INFO] database - Database: sn data inserted successfully into scraped_data, index: 162
[2025-03-22T09:49:32.068] [INFO] database - Database: sn data inserted successfully into scraped_data, index: 163
[2025-03-22T09:49:32.938] [INFO] database - Database: sn data inserted successfully into scraped_data, index: 164
[2025-03-22T09:49:33.615] [INFO] database - Database: sn data inserted successfully into scraped_data, index: 165
[2025-03-22T09:49:34.220] [INFO] database - Database: sn data inserted successfully into scraped_data, index: 166
[2025-03-22T09:49:34.823] [INFO] database - Database: sn data inserted successfully into scraped_data, index: 167
[2025-03-22T09:49:35.383] [INFO] database - Database: sn data inserted successfully into scraped_data, index: 168
[2025-03-22T09:49:35.978] [INFO] database - Database: sn data inserted successfully into scraped_data, index: 169
[2025-03-22T09:49:36.611] [INFO] database - Database: sn data inserted successfully into scraped_data, index: 170
[2025-03-22T09:49:37.161] [INFO] database - Database: sn data inserted successfully into scraped_data, index: 171
[2025-03-22T09:49:37.822] [INFO] database - Database: sn data inserted successfully into scraped_data, index: 172
[2025-03-22T09:49:38.368] [INFO] database - Database: sn data inserted successfully into scraped_data, index: 173
[2025-03-22T09:49:39.046] [INFO] database - Database: sn data inserted successfully into scraped_data, index: 174
[2025-03-22T09:49:39.704] [INFO] database - Database: sn data inserted successfully into scraped_data, index: 175
[2025-03-22T09:49:40.264] [INFO] database - Database: sn data inserted successfully into scraped_data, index: 176
[2025-03-22T09:49:40.784] [INFO] database - Database: sn data inserted successfully into scraped_data, index: 177
[2025-03-22T09:49:41.327] [INFO] database - Database: sn data inserted successfully into scraped_data, index: 178
[2025-03-22T09:49:52.900] [INFO] sn - Running date: 2025-02-20
[2025-03-22T09:49:53.872] [INFO] database - Database: sn data inserted successfully into scraped_data, index: 179
[2025-03-22T09:49:54.520] [INFO] database - Database: sn data inserted successfully into scraped_data, index: 180
[2025-03-22T09:49:55.165] [INFO] database - Database: sn data inserted successfully into scraped_data, index: 181
[2025-03-22T09:49:55.707] [INFO] database - Database: sn data inserted successfully into scraped_data, index: 182
[2025-03-22T09:49:56.224] [INFO] database - Database: sn data inserted successfully into scraped_data, index: 183
[2025-03-22T09:49:56.781] [INFO] database - Database: sn data inserted successfully into scraped_data, index: 184
[2025-03-22T09:49:57.664] [INFO] database - Database: sn data inserted successfully into scraped_data, index: 185
[2025-03-22T09:49:58.213] [INFO] database - Database: sn data inserted successfully into scraped_data, index: 186
[2025-03-22T09:49:59.146] [INFO] database - Database: sn data inserted successfully into scraped_data, index: 187
[2025-03-22T09:49:59.792] [INFO] database - Database: sn data inserted successfully into scraped_data, index: 188
[2025-03-22T09:50:00.442] [INFO] database - Database: sn data inserted successfully into scraped_data, index: 189
[2025-03-22T09:50:00.985] [INFO] database - Database: sn data inserted successfully into scraped_data, index: 190
[2025-03-22T09:50:01.509] [INFO] database - Database: sn data inserted successfully into scraped_data, index: 191
[2025-03-22T09:50:02.135] [INFO] database - Database: sn data inserted successfully into scraped_data, index: 192
[2025-03-22T09:50:02.700] [INFO] database - Database: sn data inserted successfully into scraped_data, index: 193
[2025-03-22T09:50:03.263] [INFO] database - Database: sn data inserted successfully into scraped_data, index: 194
[2025-03-22T09:50:03.922] [INFO] database - Database: sn data inserted successfully into scraped_data, index: 195
[2025-03-22T09:50:04.565] [INFO] database - Database: sn data inserted successfully into scraped_data, index: 196
[2025-03-22T09:50:05.218] [INFO] database - Database: sn data inserted successfully into scraped_data, index: 197
[2025-03-22T09:50:05.889] [INFO] database - Database: sn data inserted successfully into scraped_data, index: 198
[2025-03-22T09:50:06.501] [INFO] database - Database: sn data inserted successfully into scraped_data, index: 199
[2025-03-22T09:50:07.053] [INFO] database - Database: sn data inserted successfully into scraped_data, index: 200
[2025-03-22T09:50:07.745] [INFO] database - Database: sn data inserted successfully into scraped_data, index: 201
[2025-03-22T09:50:08.396] [INFO] database - Database: sn data inserted successfully into scraped_data, index: 202
[2025-03-22T09:50:09.000] [INFO] database - Database: sn data inserted successfully into scraped_data, index: 203
[2025-03-22T09:50:09.634] [INFO] database - Database: sn data inserted successfully into scraped_data, index: 204
[2025-03-22T09:50:10.374] [INFO] database - Database: sn data inserted successfully into scraped_data, index: 205
[2025-03-22T09:50:11.038] [INFO] database - Database: sn data inserted successfully into scraped_data, index: 206
[2025-03-22T09:50:11.664] [INFO] database - Database: sn data inserted successfully into scraped_data, index: 207
[2025-03-22T09:50:12.256] [INFO] database - Database: sn data inserted successfully into scraped_data, index: 208
[2025-03-22T09:50:12.787] [INFO] database - Database: sn data inserted successfully into scraped_data, index: 209
[2025-03-22T09:50:13.397] [INFO] database - Database: sn data inserted successfully into scraped_data, index: 210
[2025-03-22T09:50:13.912] [INFO] database - Database: sn data inserted successfully into scraped_data, index: 211
[2025-03-22T09:50:15.529] [INFO] database - Database: sn data inserted successfully into scraped_data, index: 212
[2025-03-22T09:50:16.177] [INFO] database - Database: sn data inserted successfully into scraped_data, index: 213
[2025-03-22T09:50:16.838] [INFO] database - Database: sn data inserted successfully into scraped_data, index: 214
[2025-03-22T09:50:17.450] [INFO] database - Database: sn data inserted successfully into scraped_data, index: 215
[2025-03-22T09:50:18.065] [INFO] database - Database: sn data inserted successfully into scraped_data, index: 216
[2025-03-22T09:50:18.755] [INFO] database - Database: sn data inserted successfully into scraped_data, index: 217
[2025-03-22T09:50:19.414] [INFO] database - Database: sn data inserted successfully into scraped_data, index: 218
[2025-03-22T09:50:20.047] [INFO] database - Database: sn data inserted successfully into scraped_data, index: 219
[2025-03-22T09:50:20.716] [INFO] database - Database: sn data inserted successfully into scraped_data, index: 220
[2025-03-22T09:50:21.395] [INFO] database - Database: sn data inserted successfully into scraped_data, index: 221
[2025-03-22T09:50:22.023] [INFO] database - Database: sn data inserted successfully into scraped_data, index: 222
[2025-03-22T09:50:22.552] [INFO] database - Database: sn data inserted successfully into scraped_data, index: 223
[2025-03-22T09:50:23.067] [INFO] database - Database: sn data inserted successfully into scraped_data, index: 224
[2025-03-22T09:50:23.600] [INFO] database - Database: sn data inserted successfully into scraped_data, index: 225
[2025-03-22T09:50:24.169] [INFO] database - Database: sn data inserted successfully into scraped_data, index: 226
[2025-03-22T09:50:24.803] [INFO] database - Database: sn data inserted successfully into scraped_data, index: 227
[2025-03-22T09:50:25.348] [INFO] database - Database: sn data inserted successfully into scraped_data, index: 228
[2025-03-22T09:50:25.895] [INFO] database - Database: sn data inserted successfully into scraped_data, index: 229
[2025-03-22T09:50:26.562] [INFO] database - Database: sn data inserted successfully into scraped_data, index: 230
[2025-03-22T09:50:27.168] [INFO] database - Database: sn data inserted successfully into scraped_data, index: 231
[2025-03-22T09:50:27.805] [INFO] database - Database: sn data inserted successfully into scraped_data, index: 232
[2025-03-22T09:50:28.363] [INFO] database - Database: sn data inserted successfully into scraped_data, index: 233
[2025-03-22T09:50:29.027] [INFO] database - Database: sn data inserted successfully into scraped_data, index: 234
[2025-03-22T09:50:29.862] [INFO] database - Database: sn data inserted successfully into scraped_data, index: 235
[2025-03-22T09:50:30.447] [INFO] database - Database: sn data inserted successfully into scraped_data, index: 236
[2025-03-22T09:50:31.022] [INFO] database - Database: sn data inserted successfully into scraped_data, index: 237
[2025-03-22T09:50:31.557] [INFO] database - Database: sn data inserted successfully into scraped_data, index: 238
[2025-03-22T09:50:32.113] [INFO] database - Database: sn data inserted successfully into scraped_data, index: 239
[2025-03-22T09:50:32.823] [INFO] database - Database: sn data inserted successfully into scraped_data, index: 240
[2025-03-22T09:50:33.690] [INFO] database - Database: sn data inserted successfully into scraped_data, index: 241
[2025-03-22T09:50:34.589] [INFO] database - Database: sn data inserted successfully into scraped_data, index: 242
[2025-03-22T09:50:35.571] [INFO] database - Database: sn data inserted successfully into scraped_data, index: 243
[2025-03-22T09:50:36.190] [INFO] database - Database: sn data inserted successfully into scraped_data, index: 244
[2025-03-22T09:50:36.963] [INFO] database - Database: sn data inserted successfully into scraped_data, index: 245
[2025-03-22T09:50:37.603] [INFO] database - Database: sn data inserted successfully into scraped_data, index: 246
[2025-03-22T09:50:38.254] [INFO] database - Database: sn data inserted successfully into scraped_data, index: 247
[2025-03-22T09:50:38.784] [INFO] database - Database: sn data inserted successfully into scraped_data, index: 248
[2025-03-22T09:50:50.344] [INFO] sn - Running date: 2025-02-21
[2025-03-22T09:50:51.280] [INFO] database - Database: sn data inserted successfully into scraped_data, index: 249
[2025-03-22T09:50:51.940] [INFO] database - Database: sn data inserted successfully into scraped_data, index: 250
[2025-03-22T09:50:52.769] [INFO] database - Database: sn data inserted successfully into scraped_data, index: 251
[2025-03-22T09:50:53.488] [INFO] database - Database: sn data inserted successfully into scraped_data, index: 252
[2025-03-22T09:50:54.198] [INFO] database - Database: sn data inserted successfully into scraped_data, index: 253
[2025-03-22T09:50:55.034] [INFO] database - Database: sn data inserted successfully into scraped_data, index: 254
[2025-03-22T09:50:55.710] [INFO] database - Database: sn data inserted successfully into scraped_data, index: 255
[2025-03-22T09:50:56.376] [INFO] database - Database: sn data inserted successfully into scraped_data, index: 256
[2025-03-22T09:50:57.009] [INFO] database - Database: sn data inserted successfully into scraped_data, index: 257
[2025-03-22T09:50:57.503] [INFO] database - Database: sn data inserted successfully into scraped_data, index: 258
[2025-03-22T09:50:58.131] [INFO] database - Database: sn data inserted successfully into scraped_data, index: 259
[2025-03-22T09:50:58.737] [INFO] database - Database: sn data inserted successfully into scraped_data, index: 260
[2025-03-22T09:50:59.318] [INFO] database - Database: sn data inserted successfully into scraped_data, index: 261
[2025-03-22T09:50:59.996] [INFO] database - Database: sn data inserted successfully into scraped_data, index: 262
[2025-03-22T09:51:00.560] [INFO] database - Database: sn data inserted successfully into scraped_data, index: 263
[2025-03-22T09:51:01.485] [INFO] database - Database: sn data inserted successfully into scraped_data, index: 264
[2025-03-22T09:51:02.020] [INFO] database - Database: sn data inserted successfully into scraped_data, index: 265
[2025-03-22T09:51:02.596] [INFO] database - Database: sn data inserted successfully into scraped_data, index: 266
[2025-03-22T09:51:03.207] [INFO] database - Database: sn data inserted successfully into scraped_data, index: 267
[2025-03-22T09:51:03.727] [INFO] database - Database: sn data inserted successfully into scraped_data, index: 268
[2025-03-22T09:51:04.302] [INFO] database - Database: sn data inserted successfully into scraped_data, index: 269
[2025-03-22T09:51:04.917] [INFO] database - Database: sn data inserted successfully into scraped_data, index: 270
[2025-03-22T09:51:05.503] [INFO] database - Database: sn data inserted successfully into scraped_data, index: 271
[2025-03-22T09:51:06.062] [INFO] database - Database: sn data inserted successfully into scraped_data, index: 272
[2025-03-22T09:51:06.703] [INFO] database - Database: sn data inserted successfully into scraped_data, index: 273
[2025-03-22T09:51:07.422] [INFO] database - Database: sn data inserted successfully into scraped_data, index: 274
[2025-03-22T09:51:08.033] [INFO] database - Database: sn data inserted successfully into scraped_data, index: 275
[2025-03-22T09:51:08.571] [INFO] database - Database: sn data inserted successfully into scraped_data, index: 276
[2025-03-22T09:51:09.219] [INFO] database - Database: sn data inserted successfully into scraped_data, index: 277
[2025-03-22T09:51:09.812] [INFO] database - Database: sn data inserted successfully into scraped_data, index: 278
[2025-03-22T09:51:10.463] [INFO] database - Database: sn data inserted successfully into scraped_data, index: 279
[2025-03-22T09:51:11.104] [INFO] database - Database: sn data inserted successfully into scraped_data, index: 280
[2025-03-22T09:51:11.683] [INFO] database - Database: sn data inserted successfully into scraped_data, index: 281
[2025-03-22T09:51:12.314] [INFO] database - Database: sn data inserted successfully into scraped_data, index: 282
[2025-03-22T09:51:13.112] [INFO] database - Database: sn data inserted successfully into scraped_data, index: 283
[2025-03-22T09:51:13.721] [INFO] database - Database: sn data inserted successfully into scraped_data, index: 284
[2025-03-22T09:51:14.354] [INFO] database - Database: sn data inserted successfully into scraped_data, index: 285
[2025-03-22T09:51:14.997] [INFO] database - Database: sn data inserted successfully into scraped_data, index: 286
[2025-03-22T09:51:15.756] [INFO] database - Database: sn data inserted successfully into scraped_data, index: 287
[2025-03-22T09:51:16.421] [INFO] database - Database: sn data inserted successfully into scraped_data, index: 288
[2025-03-22T09:51:19.809] [INFO] database - Database: sn data inserted successfully into scraped_data, index: 289
[2025-03-22T09:51:20.313] [INFO] database - Database: sn data inserted successfully into scraped_data, index: 290
[2025-03-22T09:51:20.920] [INFO] database - Database: sn data inserted successfully into scraped_data, index: 291
[2025-03-22T09:51:21.480] [INFO] database - Database: sn data inserted successfully into scraped_data, index: 292
[2025-03-22T09:51:22.513] [INFO] database - Database: sn data inserted successfully into scraped_data, index: 293
[2025-03-22T09:51:23.090] [INFO] database - Database: sn data inserted successfully into scraped_data, index: 294
[2025-03-22T09:51:23.668] [INFO] database - Database: sn data inserted successfully into scraped_data, index: 295
[2025-03-22T09:51:24.384] [INFO] database - Database: sn data inserted successfully into scraped_data, index: 296
[2025-03-22T09:51:25.078] [INFO] database - Database: sn data inserted successfully into scraped_data, index: 297
[2025-03-22T09:51:25.730] [INFO] database - Database: sn data inserted successfully into scraped_data, index: 298
[2025-03-22T09:51:26.297] [INFO] database - Database: sn data inserted successfully into scraped_data, index: 299
[2025-03-22T09:51:26.894] [INFO] database - Database: sn data inserted successfully into scraped_data, index: 300
[2025-03-22T09:51:27.472] [INFO] database - Database: sn data inserted successfully into scraped_data, index: 301
[2025-03-22T09:51:27.966] [INFO] database - Database: sn data inserted successfully into scraped_data, index: 302
[2025-03-22T09:51:28.519] [INFO] database - Database: sn data inserted successfully into scraped_data, index: 303
[2025-03-22T09:51:29.049] [INFO] database - Database: sn data inserted successfully into scraped_data, index: 304
[2025-03-22T09:51:29.646] [INFO] database - Database: sn data inserted successfully into scraped_data, index: 305
[2025-03-22T09:51:30.212] [INFO] database - Database: sn data inserted successfully into scraped_data, index: 306
[2025-03-22T09:51:30.795] [INFO] database - Database: sn data inserted successfully into scraped_data, index: 307
[2025-03-22T09:51:31.313] [INFO] database - Database: sn data inserted successfully into scraped_data, index: 308
[2025-03-22T09:51:42.876] [INFO] sn - Running date: 2025-02-22
[2025-03-22T09:51:43.071] [INFO] sn-helper - Found empty search for:  2025-02-22
[2025-03-22T09:51:43.072] [INFO] sn - No results found for date: 2025-02-22
