[2025-03-22T09:54:22.146] [INFO] sn - Logger initialized for sn
[2025-03-22T09:54:22.147] [INFO] database - Database: sn connection pool initialized
[2025-03-22T09:54:22.150] [INFO] data-parser - snParser init
[2025-03-22T09:54:22.151] [INFO] data-parser - Setting up database tables
[2025-03-22T09:54:22.186] [INFO] data-parser - Database setup completed
[2025-03-22T09:54:22.339] [INFO] data-parser - Found 308 rows to process
[2025-03-22T09:54:22.384] [ERROR] data-parser - snParser error: Error: Field 'item_sid' doesn't have a default value
    at PromisePoolConnection.query (C:\Users\przyg\Desktop\GitHub\ankork-quickmap\node_modules\mysql2\lib\promise\connection.js:29:22)
    at saveDataToDatabase (C:\Users\przyg\Desktop\GitHub\ankork-quickmap\src\services\parsers\snParser.js:52:26)
    at process.processTicksAndRejections (node:internal/process/task_queues:95:5)
    at async snParser (C:\Users\przyg\Desktop\GitHub\ankork-quickmap\src\services\parsers\snParser.js:229:13)
    at async DataParser.sn [as parsingStrategy] (C:\Users\przyg\Desktop\GitHub\ankork-quickmap\src\services\dataParser.js:26:16)
    at async DataParser.parse (C:\Users\przyg\Desktop\GitHub\ankork-quickmap\src\services\dataParser.js:15:16)
    at async Promise.all (index 0)
    at async Object.scraper (C:\Users\przyg\Desktop\GitHub\ankork-quickmap\src\models\sn\sn.js:183:5) {
  code: 'ER_NO_DEFAULT_FOR_FIELD',
  errno: 1364,
  sql: '\n' +
    '        INSERT INTO parsed_data \n' +
    '        (id, sygnatura, forma_orzeczenia, data_wydania, izba, typ_skladu_sedziow, \n' +
    '        przewodniczacy_skladu, sprawozdawca, autor_uzasadnienia, jednostka_obslugujaca, \n' +
    '        tresc_orzeczenia, uzasadnienie, zarzadzenie, wyrok, postanowienie, uchwala)\n' +
    "        VALUES (1, 'III CO 82/25', 'postanowienie SN', '18 lutego 2025 r.', 'przejdź do danych teleadresowych dla Izba Cywilna', 'Skład 1-osobowy', 'SSN Marcin Łochowski', 'SSN Marcin Łochowski', 'SSN Marcin Łochowski', 'przejdź do danych teleadresowych dla Izba Cywilna Wydział III', 'III CO 82/25 POSTANOWIENIE 18 lutego 2025 r.Sąd Najwyższy w Izbie Cywilnej w składzie: SSN Marcin Łochowski na posiedzeniu niejawnym 18 lutego 2025 r. w Warszawie‎w sprawie z powództwa R. K.‎przeciwko A. K.‎o rozwód,‎na skutek wystąpienia przez Sąd Okręgowy w Lublinie‎postanowieniem z 16 stycznia 2025 r., III C 2470/24,‎o oznaczenie sądu właściwego do rozpoznania sprawy,  oznacza Sąd Okręgowy w Lublinie jako sąd, przed który należy wytoczyć powództwo.       (D.Z.)[ł.n]', '', '', '', 'III CO 82/25 POSTANOWIENIE 18 lutego 2025 r.Sąd Najwyższy w Izbie Cywilnej w składzie: SSN Marcin Łochowski na posiedzeniu niejawnym 18 lutego 2025 r. w Warszawie‎w sprawie z powództwa R. K.‎przeciwko A. K.‎o rozwód,‎na skutek wystąpienia przez Sąd Okręgowy w Lublinie‎postanowieniem z 16 stycznia 2025 r., III C 2470/24,‎o oznaczenie sądu właściwego do rozpoznania sprawy,  oznacza Sąd Okręgowy w Lublinie jako sąd, przed który należy wytoczyć powództwo.       (D.Z.)[ł.n]', '')\n" +
    '        ON DUPLICATE KEY UPDATE\n' +
    '        sygnatura = VALUES(sygnatura),\n' +
    '        forma_orzeczenia = VALUES(forma_orzeczenia),\n' +
    '        data_wydania = VALUES(data_wydania),\n' +
    '        izba = VALUES(izba),\n' +
    '        typ_skladu_sedziow = VALUES(typ_skladu_sedziow),\n' +
    '        przewodniczacy_skladu = VALUES(przewodniczacy_skladu),\n' +
    '        sprawozdawca = VALUES(sprawozdawca),\n' +
    '        autor_uzasadnienia = VALUES(autor_uzasadnienia),\n' +
    '        jednostka_obslugujaca = VALUES(jednostka_obslugujaca),\n' +
    '        tresc_orzeczenia = VALUES(tresc_orzeczenia),\n' +
    '        uzasadnienie = VALUES(uzasadnienie),\n' +
    '        zarzadzenie = VALUES(zarzadzenie),\n' +
    '        wyrok = VALUES(wyrok),\n' +
    '        postanowienie = VALUES(postanowienie),\n' +
    '        uchwala = VALUES(uchwala)\n' +
    '    ',
  sqlState: 'HY000',
  sqlMessage: "Field 'item_sid' doesn't have a default value"
}
