[2025-03-21T10:02:04.916] [INFO] ms - Logger initialized for ms
[2025-03-21T10:02:04.917] [INFO] database - Database: ms connection pool initialized
[2025-03-21T10:02:04.925] [INFO] ms - Running model: ms
[2025-03-21T10:02:04.948] [ERROR] data-parser - msParser error: Error: getRowsNeededParsing: Table 'ms.parsed_data' doesn't exist
    at getRowsNeededParsing (C:\Users\przyg\Desktop\GitHub\ankork-quickmap\src\services\dPUtils.js:13:15)
    at process.processTicksAndRejections (node:internal/process/task_queues:95:5)
    at async msParser (C:\Users\przyg\Desktop\GitHub\ankork-quickmap\src\services\parsers\msParser.js:8:30)
    at async DataParser.ms [as parsingStrategy] (C:\Users\przyg\Desktop\GitHub\ankork-quickmap\src\services\dataParser.js:30:16)
    at async DataParser.parse (C:\Users\przyg\Desktop\GitHub\ankork-quickmap\src\services\dataParser.js:15:16)
    at async Promise.all (index 0)
    at async Object.scraper (C:\Users\przyg\Desktop\GitHub\ankork-quickmap\src\models\ms\ms.js:210:5)
[2025-03-21T10:02:05.148] [DEBUG] proxyManager - Randomly selected proxy: 86.107.113.232:60099:x3ElEkPsJ4:PdvKjfEczA
[2025-03-21T10:02:06.463] [INFO] ms - Running page: 3, pages left: -3 and 0 results. Link: https://orzeczenia.ms.gov.pl/search.gridpager/3?t:ac=advanced/$N/$N/$N/$N/$N/$N/$N/2025-02-18/2025-03-21/$N/$N/$N/$N/$N/$N/score/descending/3
[2025-03-21T10:02:06.528] [INFO] ms - Starting at page: 3, out of: 7 for date since: 2025-02-18 to 2025-03-21. All results length 69
[2025-03-21T10:02:06.545] [DEBUG] ms-helper - Extracted 10 court cases
[2025-03-21T10:02:08.693] [INFO] ms - Running page: 4, pages left: 3 and 59 results. Link: https://orzeczenia.ms.gov.pl/search.gridpager/4?t:ac=advanced/$N/$N/$N/$N/$N/$N/$N/2025-02-18/2025-03-21/$N/$N/$N/$N/$N/$N/score/descending/4
[2025-03-21T10:02:08.706] [DEBUG] ms-helper - Extracted 10 court cases
[2025-03-21T10:02:10.766] [INFO] ms - Running page: 5, pages left: 2 and 49 results. Link: https://orzeczenia.ms.gov.pl/search.gridpager/5?t:ac=advanced/$N/$N/$N/$N/$N/$N/$N/2025-02-18/2025-03-21/$N/$N/$N/$N/$N/$N/score/descending/5
[2025-03-21T10:02:10.777] [DEBUG] ms-helper - Extracted 10 court cases
[2025-03-21T10:02:12.931] [INFO] ms - Running page: 6, pages left: 1 and 39 results. Link: https://orzeczenia.ms.gov.pl/search.gridpager/6?t:ac=advanced/$N/$N/$N/$N/$N/$N/$N/2025-02-18/2025-03-21/$N/$N/$N/$N/$N/$N/score/descending/6
[2025-03-21T10:02:12.939] [DEBUG] ms-helper - Extracted 10 court cases
[2025-03-21T10:02:14.056] [INFO] database - Closing database: ms connection pool
