[2025-03-20T10:37:25.389] [INFO] ms - Logger initialized for ms
[2025-03-20T10:37:25.390] [INFO] database - Database: ms connection pool initialized
[2025-03-20T10:37:25.397] [INFO] ms - Running model: ms
[2025-03-20T10:37:25.429] [ERROR] data-parser - uzpParser error: Error: getRowsNeededParsing: Unknown database 'ms'
    at getRowsNeededParsing (C:\Users\przyg\Desktop\GitHub\ankork-quickmap\src\services\dPUtils.js:13:15)
    at process.processTicksAndRejections (node:internal/process/task_queues:95:5)
    at async msParser (C:\Users\przyg\Desktop\GitHub\ankork-quickmap\src\services\parsers\msParser.js:6:30)
    at async DataParser.ms [as parsingStrategy] (C:\Users\przyg\Desktop\GitHub\ankork-quickmap\src\services\dataParser.js:30:16)
    at async DataParser.parse (C:\Users\przyg\Desktop\GitHub\ankork-quickmap\src\services\dataParser.js:15:16)
    at async Promise.all (index 0)
    at async Object.scraper (C:\Users\przyg\Desktop\GitHub\ankork-quickmap\src\models\ms\ms.js:132:5)
[2025-03-20T10:37:25.619] [DEBUG] proxyManager - Using proxy: 86.107.113.22:60099:l81L76JNRK:bjdAAF0sYf
[2025-03-20T10:37:26.565] [INFO] ms - Starting at page: 2, out of: 7 for date since: 2025-02-18 to 2025-03-20. All results length 64
[2025-03-20T10:37:26.588] [DEBUG] ms-helper - Extracted 10 court cases
[2025-03-20T10:37:38.289] [INFO] ms - Logger initialized for ms
[2025-03-20T10:37:38.290] [INFO] database - Database: ms connection pool initialized
[2025-03-20T10:37:38.297] [INFO] ms - Running model: ms
[2025-03-20T10:37:38.329] [ERROR] data-parser - uzpParser error: Error: getRowsNeededParsing: Unknown database 'ms'
    at getRowsNeededParsing (C:\Users\przyg\Desktop\GitHub\ankork-quickmap\src\services\dPUtils.js:13:15)
    at process.processTicksAndRejections (node:internal/process/task_queues:95:5)
    at async msParser (C:\Users\przyg\Desktop\GitHub\ankork-quickmap\src\services\parsers\msParser.js:6:30)
    at async DataParser.ms [as parsingStrategy] (C:\Users\przyg\Desktop\GitHub\ankork-quickmap\src\services\dataParser.js:30:16)
    at async DataParser.parse (C:\Users\przyg\Desktop\GitHub\ankork-quickmap\src\services\dataParser.js:15:16)
    at async Promise.all (index 0)
    at async Object.scraper (C:\Users\przyg\Desktop\GitHub\ankork-quickmap\src\models\ms\ms.js:132:5)
[2025-03-20T10:37:38.524] [DEBUG] proxyManager - Using proxy: 86.107.113.22:60099:l81L76JNRK:bjdAAF0sYf
[2025-03-20T10:37:39.541] [INFO] ms - Starting at page: 2, out of: 7 for date since: 2025-02-18 to 2025-03-20. All results length 64
[2025-03-20T10:37:39.560] [DEBUG] ms-helper - Extracted 10 court cases
