[2025-03-25T12:27:34.731] [INFO] ms - Logger initialized for ms
[2025-03-25T12:27:34.734] [INFO] database - Database: ms connection pool initialized
[2025-03-25T12:27:34.742] [INFO] ms - Running data parser
[2025-03-25T12:27:34.831] [INFO] data-parser - Found 34 rows to process
[2025-03-25T12:27:35.029] [ERROR] data-parser - msParser error: Error: Column count doesn't match value count at row 1
    at PromisePoolConnection.query (C:\Users\przyg\Desktop\GitHub\ankork-quickmap\node_modules\mysql2\lib\promise\connection.js:29:22)
    at saveDataToDatabase (C:\Users\przyg\Desktop\GitHub\ankork-quickmap\src\services\parsers\msParser.js:154:26)
    at process.processTicksAndRejections (node:internal/process/task_queues:95:5)
    at async msParser (C:\Users\przyg\Desktop\GitHub\ankork-quickmap\src\services\parsers\msParser.js:214:13)
    at async DataParser.ms [as parsingStrategy] (C:\Users\przyg\Desktop\GitHub\ankork-quickmap\src\services\dataParser.js:30:16)
    at async DataParser.parse (C:\Users\przyg\Desktop\GitHub\ankork-quickmap\src\services\dataParser.js:15:16)
    at async Promise.all (index 0)
    at async Object.scraper (C:\Users\przyg\Desktop\GitHub\ankork-quickmap\src\models\ms\ms.js:211:5) {
  code: 'ER_WRONG_VALUE_COUNT_ON_ROW',
  errno: 1136,
  sql: '\n' +
    '            INSERT INTO parsed_data \n' +
    '            (id, tytul, data_orzeczenia, data_publikacji, sygnatura, sad, \n' +
    '            wydzial, przewodniczacy, protokolant, hasla_tematyczne, \n' +
    '            podstawa_prawna, wyrok, uzasadnienie, zarzadzenie, postanowienie, link)\n' +
    "            VALUES (1, 'Sąd Okręgowy w Rzeszowie z 2025-03-06', '6 marca 2025', '17 marca 2025', 'III Ka 38/25', 'Sąd Okręgowy w Rzeszowie', 'III Wydział Karny-Odwoławczy', 'Grażyna Artymiak', 'protokolant sądowy Barbara Berkowicz-Wolska', NULL, 'art. 437 § 2 kpk z art. 440 kpk', 'W IMIENIU RZECZYPOSPOLITEJ POLSKIEJ\\n        \\n      Dnia 6 marca 2025 r.\\n  Sąd Okręgowy w Rzeszowie III Wydział Karny Odwoławczy w składzie: Przewodniczący: SSO Grażyna Artymiak (spr.)Sędziowie: sędzia Mariusz Sztorc sędzia Wioletta ZaworaProtokolant: protokolant sądowy Barbara Berkowicz-Wolskaprzy udziale Prokuratora Prokuratury Rejonowej w Łańcucie – W. G.\\n  po rozpoznaniu na rozprawie w dniu 6 marca 2025 r.sprawy \\n      \\n      Ł. F.\\n     oskarżonego o czyn z art. 280 § 1 kk w zw. z art. 64 § 1 kk (2-krotnie), art. 245 kk w zb. z art. 191 § 1 kk w zw. z 11 § 2 kk w zw. z art. 64 § 1 kk (2-krotnie), art. 280 § 1 kk w zb. z art. 191 § 1 kk w zw. z art. 11 § 2 kk w zw. z art. 64 § 1 kk, art. 263 § 2 kk w zw. z art. 64 § 1 kk, art. 62 ust. 3 ustawy o przeciwdziałaniu narkomaniina skutek apelacji wniesionej przez obrońcęod wyroku Sądu Rejonowego w Łańcuciez dnia 18 października 2024 r., sygnatura akt II K 175/24\\n    \\n      uchyla zaskarżony wyrok i sprawę\\n       przekazuje Sądowi Rejonowemu w Łańcucie do ponownego rozpoznania.SSO Mariusz Sztorc SSO Grażyna Artymiak SSO Wioletta Zawora\\n        \\n          \\n          \\n          \\n          \\n        \\n        \\n          \\n            \\n              UZASADNIENIE\\n            \\n          \\n        \\n        \\n          \\n            Formularz UK 2\\n          \\n          \\n            Sygnatura akt\\n          \\n          \\n            III Ka 38/25\\n          \\n        \\n        \\n          \\n            \\n              \\n            Załącznik dołącza się w każdym przypadku. Podać liczbę załączników:\\n        \\n          \\n          \\n            1\\n          \\n        \\n        \\n          \\n            \\n              \\n              1. \\n        \\n                \\n            CZĘŚĆ WSTĘPNA \\n        \\n            \\n          \\n        \\n      \\n        \\n          \\n        \\n        \\n          \\n            \\n              \\n            1.1. Oznaczenie wyroku sądu pierwszej instancji\\n        \\n          \\n        \\n      \\n        \\n          \\n        \\n        \\n          \\n            Wyrok Sądu Rejonowego w Łańcucie z dnia 18 października 2024 r. w sprawie o sygn. akt II K 175/24 przeciwko Ł. F. (F.) oskarżonemu o czyny z art. 280 § 1 kk w zw. z art. 64 § 1 kk (dwukrotnie), z art. 245 kk i art. 191 § 1 kk w zw. z art. 11 § 2 kk w zw. z art. 64 § 1 kk (dwukrotnie), z art. 280 § 1 kk i art. 191 § 1 kk w zw. z art. 11 § 2 kk w zw. z art. 64 § 1 kk, z art. 263 § 2 kk w zw. z art. 64 § 1 kk i z art. 62 ust. 3 \\n            ustawy o przeciwdziałaniu narkomanii\\n        \\n          \\n        \\n      \\n        \\n          \\n        \\n        \\n          \\n            \\n              \\n            1.2. Podmiot wnoszący apelację\\n        \\n          \\n        \\n      \\n        \\n          \\n        \\n        \\n          \\n            ☐ oskarżyciel publiczny albo prokurator w sprawie o wydanie wyroku łącznego\\n          \\n        \\n        \\n          \\n            ☐ oskarżyciel posiłkowy\\n          \\n        \\n        \\n          \\n            ☐ oskarżyciel prywatny\\n          \\n        \\n        \\n          \\n            ☒ obrońca\\n          \\n        \\n        \\n          \\n            ☐ oskarżony albo skazany w sprawie o wydanie wyroku łącznego\\n          \\n        \\n        \\n          \\n            ☐ inny\\n          \\n        \\n      \\n        \\n          \\n        \\n        \\n          \\n            \\n              \\n            1.3. Granice zaskarżenia\\n        \\n          \\n        \\n      \\n        \\n          \\n          \\n          \\n          \\n          \\n        \\n        \\n          \\n            \\n              \\n            1.3.1. Kierunek i zakres zaskarżenia\\n        \\n          \\n        \\n        \\n          \\n            ☒ na korzyść\\n            ☐ na niekorzyść\\n          \\n          \\n            ☐ w całości\\n          \\n        \\n        \\n          \\n            ☐ w części\\n          \\n          \\n            ☒\\n          \\n          \\n            co do winy\\n          \\n        \\n        \\n          \\n            ☒\\n          \\n          \\n            co do kary\\n          \\n        \\n        \\n          \\n            ☐\\n          \\n          \\n            co do środka karnego lub innego rozstrzygnięcia albo ustalenia\\n          \\n        \\n        \\n          \\n            \\n              \\n            1.3.2. Podniesione zarzuty\\n        \\n          \\n        \\n        \\n          \\n            \\n          \\n            Zaznaczyć zarzuty wskazane przez strony w apelacji\\n        \\n          \\n        \\n        \\n          \\n            ☒\\n          \\n          \\n            \\n          art. 438 pkt 1 k.p.k. – obraza przepisów prawa materialnego w zakresie kwalifikacji prawnej czynu przypisanego oskarżonemu\\n          \\n        \\n        \\n          \\n            ☐\\n          \\n          \\n            \\n          art. 438 pkt 1a k.p.k. – obraza przepisów prawa materialnego w innym wypadku niż wskazany w art. 438 pkt 1 k.p.k., chyba że pomimo błędnej podstawy prawnej orzeczenie odpowiada prawu\\n          \\n        \\n        \\n          \\n            ☒\\n          \\n          \\n            \\n          art. 438 pkt 2 k.p.k. – obraza przepisów postępowania, jeżeli mogła ona mieć wpływ na treść orzeczenia\\n          \\n        \\n        \\n          \\n            ☐\\n          \\n          \\n            \\n          art. 438 pkt 3 k.p.k.\\n          \\n             – błąd w ustaleniach faktycznych przyjętych za podstawę orzeczenia, jeżeli mógł on mieć wpływ na treść tego orzeczenia\\n          \\n        \\n        \\n          \\n            ☐\\n          \\n          \\n            \\n          art. 438 pkt 4 k.p.k. – rażąca niewspółmierność kary, środka karnego, nawiązki lub niesłusznego zastosowania albo niezastosowania środka zabezpieczającego, przepadku lub innego środka\\n          \\n        \\n        \\n          \\n            ☐\\n          \\n          \\n            \\n          art. 439 k.p.k.\\n        \\n          \\n        \\n        \\n          \\n            ☐\\n          \\n          \\n            brak zarzutów\\n          \\n        \\n      \\n        \\n          \\n        \\n        \\n          \\n            \\n              \\n            1.4. Wnioski\\n        \\n          \\n        \\n      \\n        \\n          \\n          \\n          \\n          \\n        \\n        \\n          \\n            ☐\\n          \\n          \\n            uchylenie\\n          \\n          \\n            ☒\\n          \\n          \\n            zmiana\\n          \\n        \\n      \\n        \\n          \\n        \\n        \\n          \\n            \\n              \\n              2. \\n        \\n                \\n            Ustalenie faktów w związku z dowodami przeprowadzonymi przez sąd odwoławczy \\n        \\n            \\n          \\n        \\n      \\n        \\n          \\n        \\n        \\n          \\n            \\n              \\n            2.1. Ustalenie faktów\\n        \\n          \\n        \\n      \\n        \\n          \\n          \\n          \\n          \\n          \\n          \\n        \\n        \\n          \\n            \\n              \\n            2.1.1. Fakty uznane za udowodnione\\n        \\n          \\n        \\n        \\n          \\n            \\n              \\n            Lp.\\n        \\n          \\n          \\n            \\n              \\n            Oskarżony\\n        \\n          \\n          \\n            \\n              \\n            Fakt oraz czyn, do którego fakt się odnosi\\n        \\n          \\n          \\n            \\n              \\n            Dowód\\n        \\n          \\n          \\n            \\n              \\n            Numer karty\\n        \\n          \\n        \\n        \\n           \\n           \\n          \\n            \\n          Ł. F.\\n        \\n          \\n          \\n            Uprzednia karalność\\n          \\n          \\n            Informacja z K.\\n        \\n          \\n          \\n            k.1105-1108\\n          \\n        \\n        \\n          \\n            \\n              \\n            2.1.2. Fakty uznane za nieudowodnione\\n        \\n          \\n        \\n        \\n          \\n            \\n              \\n            Lp.\\n        \\n          \\n          \\n            \\n              \\n            Oskarżony\\n        \\n          \\n          \\n            \\n              \\n            Fakt oraz czyn, do którego fakt się odnosi\\n        \\n          \\n          \\n            \\n              \\n            Dowód \\n        \\n          \\n          \\n            \\n              \\n            Numer karty\\n        \\n          \\n        \\n        \\n           \\n           \\n           \\n           \\n           \\n        \\n      \\n        \\n          \\n        \\n        \\n          \\n            \\n              \\n            2.2. Ocena dowodów\\n        \\n          \\n        \\n      \\n        \\n          \\n          \\n          \\n        \\n        \\n          \\n            \\n              \\n            2.2.1. Dowody będące podstawą ustalenia faktów\\n        \\n          \\n        \\n        \\n          \\n            \\n              \\n            Lp. faktu z pkt 2.1.1\\n        \\n          \\n          \\n            \\n              \\n            Dowód\\n        \\n          \\n          \\n            \\n              \\n            Zwięźle o powodach uznania dowodu\\n        \\n          \\n        \\n        \\n          \\n            Dotychczasowa karalność oskarżonego\\n          \\n          \\n            Informacja "... 38918 more characters,
  sqlState: '21S01',
  sqlMessage: "Column count doesn't match value count at row 1"
}
[2025-03-25T12:27:35.039] [INFO] database - Closing database: ms connection pool
[2025-03-25T12:27:55.166] [INFO] ms - Logger initialized for ms
[2025-03-25T12:27:55.169] [INFO] database - Database: ms connection pool initialized
[2025-03-25T12:27:55.173] [INFO] ms - Running data parser
[2025-03-25T12:27:55.283] [INFO] data-parser - Found 34 rows to process
[2025-03-25T12:27:55.448] [INFO] data-parser - Processed row ID: 1
[2025-03-25T12:27:55.833] [INFO] data-parser - Processed row ID: 2
[2025-03-25T12:27:55.860] [INFO] data-parser - Processed row ID: 3
[2025-03-25T12:27:55.921] [INFO] data-parser - Processed row ID: 4
[2025-03-25T12:27:55.946] [INFO] data-parser - Processed row ID: 5
[2025-03-25T12:27:55.984] [INFO] data-parser - Processed row ID: 6
[2025-03-25T12:27:56.004] [INFO] data-parser - Processed row ID: 7
[2025-03-25T12:27:56.026] [INFO] data-parser - Processed row ID: 8
[2025-03-25T12:27:56.065] [INFO] data-parser - Processed row ID: 9
[2025-03-25T12:27:56.106] [INFO] data-parser - Processed row ID: 10
[2025-03-25T12:27:56.242] [INFO] data-parser - Processed row ID: 11
[2025-03-25T12:27:56.289] [INFO] data-parser - Processed row ID: 12
[2025-03-25T12:27:56.319] [INFO] data-parser - Processed row ID: 13
[2025-03-25T12:27:56.350] [INFO] data-parser - Processed row ID: 14
[2025-03-25T12:27:56.370] [INFO] data-parser - Processed row ID: 15
[2025-03-25T12:27:56.403] [INFO] data-parser - Processed row ID: 16
[2025-03-25T12:27:56.434] [INFO] data-parser - Processed row ID: 17
[2025-03-25T12:27:56.719] [INFO] data-parser - Processed row ID: 18
[2025-03-25T12:27:56.841] [INFO] data-parser - Processed row ID: 19
[2025-03-25T12:27:56.872] [INFO] data-parser - Processed row ID: 20
[2025-03-25T12:27:56.894] [INFO] data-parser - Processed row ID: 21
[2025-03-25T12:27:56.960] [INFO] data-parser - Processed row ID: 22
[2025-03-25T12:27:57.004] [INFO] data-parser - Processed row ID: 23
[2025-03-25T12:27:57.063] [INFO] data-parser - Processed row ID: 24
[2025-03-25T12:27:57.299] [INFO] data-parser - Processed row ID: 25
[2025-03-25T12:27:57.340] [INFO] data-parser - Processed row ID: 26
[2025-03-25T12:27:57.410] [INFO] data-parser - Processed row ID: 27
[2025-03-25T12:27:57.442] [INFO] data-parser - Processed row ID: 28
[2025-03-25T12:27:57.481] [INFO] data-parser - Processed row ID: 29
[2025-03-25T12:27:57.525] [INFO] data-parser - Processed row ID: 30
[2025-03-25T12:27:57.551] [INFO] data-parser - Processed row ID: 31
[2025-03-25T12:27:57.595] [INFO] data-parser - Processed row ID: 32
[2025-03-25T12:27:57.612] [INFO] data-parser - Processed row ID: 33
[2025-03-25T12:27:57.657] [INFO] data-parser - Processed row ID: 34
[2025-03-25T12:27:57.657] [INFO] database - Closing database: ms connection pool
