[2025-03-25T12:44:15.608] [INFO] ms - Logger initialized for ms
[2025-03-25T12:44:15.609] [INFO] database - Database: ms connection pool initialized
[2025-03-25T12:44:15.611] [INFO] ms - Running data parser
[2025-03-25T12:44:15.694] [INFO] data-parser - Found 34 rows to process
[2025-03-25T12:44:15.833] [INFO] data-parser - Processed row ID: 1
[2025-03-25T12:44:16.140] [INFO] data-parser - Processed row ID: 2
[2025-03-25T12:44:16.173] [INFO] data-parser - Processed row ID: 3
[2025-03-25T12:44:16.232] [INFO] data-parser - Processed row ID: 4
[2025-03-25T12:44:16.264] [INFO] data-parser - Processed row ID: 5
[2025-03-25T12:44:16.313] [INFO] data-parser - Processed row ID: 6
[2025-03-25T12:44:16.335] [INFO] data-parser - Processed row ID: 7
[2025-03-25T12:44:16.361] [INFO] data-parser - Processed row ID: 8
[2025-03-25T12:44:26.627] [INFO] data-parser - Processed row ID: 9
[2025-03-25T12:44:26.692] [INFO] data-parser - Processed row ID: 10
[2025-03-25T12:44:26.828] [INFO] data-parser - Processed row ID: 11
[2025-03-25T12:44:26.883] [INFO] data-parser - Processed row ID: 12
[2025-03-25T12:44:26.923] [INFO] data-parser - Processed row ID: 13
[2025-03-25T12:44:26.977] [INFO] data-parser - Processed row ID: 14
[2025-03-25T12:44:27.021] [INFO] data-parser - Processed row ID: 15
[2025-03-25T12:44:27.084] [INFO] data-parser - Processed row ID: 16
[2025-03-25T12:44:27.130] [INFO] data-parser - Processed row ID: 17
[2025-03-25T12:44:27.168] [INFO] data-parser - Processed row ID: 18
[2025-03-25T12:44:27.215] [INFO] data-parser - Processed row ID: 19
[2025-03-25T12:44:27.253] [INFO] data-parser - Processed row ID: 20
[2025-03-25T12:44:27.290] [INFO] data-parser - Processed row ID: 21
[2025-03-25T12:44:27.338] [INFO] data-parser - Processed row ID: 22
[2025-03-25T12:44:27.377] [INFO] data-parser - Processed row ID: 23
[2025-03-25T12:44:27.438] [INFO] data-parser - Processed row ID: 24
[2025-03-25T12:44:27.499] [INFO] data-parser - Processed row ID: 25
[2025-03-25T12:44:27.531] [INFO] data-parser - Processed row ID: 26
[2025-03-25T12:44:27.585] [INFO] data-parser - Processed row ID: 27
[2025-03-25T12:44:27.621] [INFO] data-parser - Processed row ID: 28
[2025-03-25T12:44:27.668] [INFO] data-parser - Processed row ID: 29
[2025-03-25T12:44:27.724] [INFO] data-parser - Processed row ID: 30
[2025-03-25T12:44:27.765] [INFO] data-parser - Processed row ID: 31
[2025-03-25T12:44:27.837] [INFO] data-parser - Processed row ID: 32
[2025-03-25T12:44:27.869] [INFO] data-parser - Processed row ID: 33
[2025-03-25T12:44:27.921] [INFO] data-parser - Processed row ID: 34
[2025-03-25T12:44:27.921] [INFO] database - Closing database: ms connection pool
[2025-03-25T12:44:53.379] [INFO] ms - Logger initialized for ms
[2025-03-25T12:44:53.380] [INFO] database - Database: ms connection pool initialized
[2025-03-25T12:44:53.381] [INFO] ms - Running data parser
[2025-03-25T12:44:53.435] [INFO] data-parser - Found 34 rows to process
[2025-03-25T12:44:53.769] [INFO] data-parser - Processed row ID: 1
[2025-03-25T12:44:56.436] [INFO] data-parser - Processed row ID: 2
[2025-03-25T12:44:56.464] [INFO] data-parser - Processed row ID: 3
[2025-03-25T12:44:56.697] [INFO] data-parser - Processed row ID: 4
[2025-03-25T12:44:56.746] [INFO] data-parser - Processed row ID: 5
[2025-03-25T12:44:56.855] [INFO] data-parser - Processed row ID: 6
[2025-03-25T12:44:56.886] [INFO] data-parser - Processed row ID: 7
[2025-03-25T12:44:56.920] [INFO] data-parser - Processed row ID: 8
[2025-03-25T12:44:57.001] [INFO] data-parser - Processed row ID: 9
[2025-03-25T12:44:57.267] [INFO] data-parser - Processed row ID: 10
[2025-03-25T12:44:57.703] [INFO] data-parser - Processed row ID: 11
[2025-03-25T12:44:57.858] [INFO] data-parser - Processed row ID: 12
[2025-03-25T12:44:57.937] [INFO] data-parser - Processed row ID: 13
[2025-03-25T12:44:58.021] [INFO] data-parser - Processed row ID: 14
[2025-03-25T12:44:58.069] [INFO] data-parser - Processed row ID: 15
[2025-03-25T12:44:58.147] [INFO] data-parser - Processed row ID: 16
[2025-03-25T12:44:58.224] [INFO] data-parser - Processed row ID: 17
[2025-03-25T12:44:58.282] [INFO] data-parser - Processed row ID: 18
[2025-03-25T12:44:58.377] [INFO] data-parser - Processed row ID: 19
[2025-03-25T12:44:58.406] [INFO] data-parser - Processed row ID: 20
[2025-03-25T12:44:58.438] [INFO] data-parser - Processed row ID: 21
[2025-03-25T12:44:58.487] [INFO] data-parser - Processed row ID: 22
[2025-03-25T12:44:58.555] [INFO] data-parser - Processed row ID: 23
[2025-03-25T12:44:58.646] [INFO] data-parser - Processed row ID: 24
[2025-03-25T12:44:58.715] [INFO] data-parser - Processed row ID: 25
[2025-03-25T12:44:58.737] [INFO] data-parser - Processed row ID: 26
[2025-03-25T12:44:58.802] [INFO] data-parser - Processed row ID: 27
[2025-03-25T12:44:58.844] [INFO] data-parser - Processed row ID: 28
[2025-03-25T12:44:58.916] [INFO] data-parser - Processed row ID: 29
[2025-03-25T12:44:59.095] [INFO] data-parser - Processed row ID: 30
[2025-03-25T12:44:59.160] [INFO] data-parser - Processed row ID: 31
[2025-03-25T12:44:59.281] [INFO] data-parser - Processed row ID: 32
[2025-03-25T12:44:59.304] [INFO] data-parser - Processed row ID: 33
[2025-03-25T12:44:59.372] [INFO] data-parser - Processed row ID: 34
[2025-03-25T12:44:59.373] [INFO] database - Closing database: ms connection pool
