[2025-03-25T12:53:52.821] [INFO] ms - Logger initialized for ms
[2025-03-25T12:53:52.822] [INFO] database - Database: ms connection pool initialized
[2025-03-25T12:53:52.823] [INFO] ms - Running data parser
[2025-03-25T12:53:52.865] [INFO] data-parser - Found 34 rows to process
[2025-03-25T12:53:52.959] [INFO] data-parser - Processed row ID: 1
[2025-03-25T12:53:53.165] [INFO] data-parser - Processed row ID: 2
[2025-03-25T12:53:53.181] [INFO] data-parser - Processed row ID: 3
[2025-03-25T12:53:53.205] [INFO] data-parser - Processed row ID: 4
[2025-03-25T12:53:53.216] [INFO] data-parser - Processed row ID: 5
[2025-03-25T12:53:53.237] [INFO] data-parser - Processed row ID: 6
[2025-03-25T12:53:53.251] [INFO] data-parser - Processed row ID: 7
[2025-03-25T12:53:53.259] [INFO] data-parser - Processed row ID: 8
[2025-03-25T12:53:53.281] [INFO] data-parser - Processed row ID: 9
[2025-03-25T12:53:53.308] [INFO] data-parser - Processed row ID: 10
[2025-03-25T12:53:53.423] [INFO] data-parser - Processed row ID: 11
[2025-03-25T12:53:53.455] [INFO] data-parser - Processed row ID: 12
[2025-03-25T12:53:53.471] [INFO] data-parser - Processed row ID: 13
[2025-03-25T12:53:53.486] [INFO] data-parser - Processed row ID: 14
[2025-03-25T12:53:53.494] [INFO] data-parser - Processed row ID: 15
[2025-03-25T12:53:53.511] [INFO] data-parser - Processed row ID: 16
[2025-03-25T12:53:53.524] [INFO] data-parser - Processed row ID: 17
[2025-03-25T12:53:53.539] [INFO] data-parser - Processed row ID: 18
[2025-03-25T12:53:54.629] [INFO] data-parser - Processed row ID: 19
[2025-03-25T12:53:54.637] [INFO] data-parser - Processed row ID: 20
[2025-03-25T12:53:54.651] [INFO] data-parser - Processed row ID: 21
[2025-03-25T12:53:54.666] [INFO] data-parser - Processed row ID: 22
[2025-03-25T12:53:54.681] [INFO] data-parser - Processed row ID: 23
[2025-03-25T12:53:54.702] [INFO] data-parser - Processed row ID: 24
[2025-03-25T12:53:54.718] [INFO] data-parser - Processed row ID: 25
[2025-03-25T12:53:54.725] [INFO] data-parser - Processed row ID: 26
[2025-03-25T12:53:54.739] [INFO] data-parser - Processed row ID: 27
[2025-03-25T12:53:54.752] [INFO] data-parser - Processed row ID: 28
[2025-03-25T12:53:54.767] [INFO] data-parser - Processed row ID: 29
[2025-03-25T12:53:54.782] [INFO] data-parser - Processed row ID: 30
[2025-03-25T12:53:54.801] [INFO] data-parser - Processed row ID: 31
[2025-03-25T12:53:54.827] [INFO] data-parser - Processed row ID: 32
[2025-03-25T12:53:54.834] [INFO] data-parser - Processed row ID: 33
[2025-03-25T12:53:54.852] [INFO] data-parser - Processed row ID: 34
[2025-03-25T12:53:54.852] [INFO] database - Closing database: ms connection pool
