[2025-03-25T13:01:25.044] [INFO] ms - Logger initialized for ms
[2025-03-25T13:01:25.045] [INFO] database - Database: ms connection pool initialized
[2025-03-25T13:01:25.047] [INFO] ms - Running data parser
[2025-03-25T13:01:25.100] [INFO] data-parser - Found 34 rows to process
[2025-03-25T13:01:25.215] [INFO] data-parser - Processed row ID: 1
[2025-03-25T13:01:25.500] [INFO] data-parser - Processed row ID: 2
[2025-03-25T13:01:25.518] [INFO] data-parser - Processed row ID: 3
[2025-03-25T13:01:25.570] [INFO] data-parser - Processed row ID: 4
[2025-03-25T13:01:25.592] [INFO] data-parser - Processed row ID: 5
[2025-03-25T13:01:25.624] [INFO] data-parser - Processed row ID: 6
[2025-03-25T13:01:25.632] [INFO] data-parser - Processed row ID: 7
[2025-03-25T13:01:25.644] [INFO] data-parser - Processed row ID: 8
[2025-03-25T13:01:25.674] [INFO] data-parser - Processed row ID: 9
[2025-03-25T13:01:25.709] [INFO] data-parser - Processed row ID: 10
[2025-03-25T13:01:25.877] [INFO] data-parser - Processed row ID: 11
[2025-03-25T13:01:25.920] [INFO] data-parser - Processed row ID: 12
[2025-03-25T13:01:25.952] [INFO] data-parser - Processed row ID: 13
[2025-03-25T13:01:25.972] [INFO] data-parser - Processed row ID: 14
[2025-03-25T13:01:25.986] [INFO] data-parser - Processed row ID: 15
[2025-03-25T13:01:26.014] [INFO] data-parser - Processed row ID: 16
[2025-03-25T13:01:26.041] [INFO] data-parser - Processed row ID: 17
[2025-03-25T13:01:26.061] [INFO] data-parser - Processed row ID: 18
[2025-03-25T13:01:26.106] [INFO] data-parser - Processed row ID: 19
[2025-03-25T13:01:26.118] [INFO] data-parser - Processed row ID: 20
[2025-03-25T13:01:26.129] [INFO] data-parser - Processed row ID: 21
[2025-03-25T13:01:26.153] [INFO] data-parser - Processed row ID: 22
[2025-03-25T13:01:26.173] [INFO] data-parser - Processed row ID: 23
[2025-03-25T13:01:26.207] [INFO] data-parser - Processed row ID: 24
[2025-03-25T13:01:26.229] [INFO] data-parser - Processed row ID: 25
[2025-03-25T13:01:26.237] [INFO] data-parser - Processed row ID: 26
[2025-03-25T13:01:26.264] [INFO] data-parser - Processed row ID: 27
[2025-03-25T13:01:26.286] [INFO] data-parser - Processed row ID: 28
[2025-03-25T13:01:26.303] [INFO] data-parser - Processed row ID: 29
[2025-03-25T13:01:26.336] [INFO] data-parser - Processed row ID: 30
[2025-03-25T13:01:26.354] [INFO] data-parser - Processed row ID: 31
[2025-03-25T13:01:26.391] [INFO] data-parser - Processed row ID: 32
[2025-03-25T13:01:26.407] [INFO] data-parser - Processed row ID: 33
[2025-03-25T13:01:26.442] [INFO] data-parser - Processed row ID: 34
[2025-03-25T13:01:26.443] [INFO] database - Closing database: ms connection pool
