[2025-03-21T08:58:17.404] [INFO] ms - Logger initialized for ms
[2025-03-21T08:58:17.405] [INFO] database - Database: ms connection pool initialized
[2025-03-21T08:58:17.413] [INFO] ms - Running model: ms
[2025-03-21T08:58:17.438] [ERROR] data-parser - msParser error: Error: getRowsNeededParsing: Table 'ms.parsed_data' doesn't exist
    at getRowsNeededParsing (C:\Users\przyg\Desktop\GitHub\ankork-quickmap\src\services\dPUtils.js:13:15)
    at process.processTicksAndRejections (node:internal/process/task_queues:95:5)
    at async msParser (C:\Users\przyg\Desktop\GitHub\ankork-quickmap\src\services\parsers\msParser.js:8:30)
    at async DataParser.ms [as parsingStrategy] (C:\Users\przyg\Desktop\GitHub\ankork-quickmap\src\services\dataParser.js:30:16)
    at async DataParser.parse (C:\Users\przyg\Desktop\GitHub\ankork-quickmap\src\services\dataParser.js:15:16)
    at async Promise.all (index 0)
    at async Object.scraper (C:\Users\przyg\Desktop\GitHub\ankork-quickmap\src\models\ms\ms.js:205:5)
[2025-03-21T08:58:17.642] [DEBUG] proxyManager - Using proxy: 86.107.113.22:60099:l81L76JNRK:bjdAAF0sYf
[2025-03-21T08:58:17.843] [DEBUG] proxyManager - Using proxy: 86.107.113.230:60099:L4u222HKD2:26W6CXaJJs
[2025-03-21T08:58:17.844] [ERROR] ms - Found error scraping ms: connection refused by server, date since: 2025-02-18 to 2025-03-21
[2025-03-21T08:58:19.058] [DEBUG] proxyManager - Using proxy: 86.107.113.231:60099:L4u222HKD2:26W6CXaJJs
[2025-03-21T08:58:19.058] [ERROR] ms - Found error scraping ms: connection refused by server, date since: 2025-02-18 to 2025-03-21
[2025-03-21T08:58:20.964] [INFO] ms - Starting at page: 1, out of: 7 for date since: 2025-02-18 to 2025-03-21. All results length 69
[2025-03-21T08:58:20.983] [DEBUG] ms-helper - Extracted 10 court cases
[2025-03-21T08:58:20.985] [INFO] ms - Skipping duplicate case: III AUa 634/24
[2025-03-21T08:58:20.986] [INFO] ms - Skipping duplicate case: VI U 475/24
[2025-03-21T08:58:20.987] [INFO] ms - Skipping duplicate case: VII P 747/24
[2025-03-21T08:58:20.987] [INFO] ms - Skipping duplicate case: V Ka 577/24
[2025-03-21T08:58:21.968] [INFO] database - Database: ms data inserted successfully into scraped_data, index: 12
[2025-03-21T08:58:21.968] [INFO] ms - Skipping duplicate case: IV P 406/24
[2025-03-21T08:58:22.942] [INFO] database - Database: ms data inserted successfully into scraped_data, index: 13
[2025-03-21T08:58:22.942] [INFO] ms - Skipping duplicate case: II Ka 590/24
[2025-03-21T08:58:23.836] [INFO] database - Database: ms data inserted successfully into scraped_data, index: 14
[2025-03-21T08:58:24.751] [INFO] database - Database: ms data inserted successfully into scraped_data, index: 15
[2025-03-21T08:58:36.713] [INFO] ms - Logger initialized for ms
[2025-03-21T08:58:36.715] [INFO] database - Database: ms connection pool initialized
[2025-03-21T08:58:36.722] [INFO] ms - Running model: ms
[2025-03-21T08:58:36.765] [ERROR] data-parser - msParser error: Error: getRowsNeededParsing: Table 'ms.parsed_data' doesn't exist
    at getRowsNeededParsing (C:\Users\przyg\Desktop\GitHub\ankork-quickmap\src\services\dPUtils.js:13:15)
    at process.processTicksAndRejections (node:internal/process/task_queues:95:5)
    at async msParser (C:\Users\przyg\Desktop\GitHub\ankork-quickmap\src\services\parsers\msParser.js:8:30)
    at async DataParser.ms [as parsingStrategy] (C:\Users\przyg\Desktop\GitHub\ankork-quickmap\src\services\dataParser.js:30:16)
    at async DataParser.parse (C:\Users\przyg\Desktop\GitHub\ankork-quickmap\src\services\dataParser.js:15:16)
    at async Promise.all (index 0)
    at async Object.scraper (C:\Users\przyg\Desktop\GitHub\ankork-quickmap\src\models\ms\ms.js:205:5)
[2025-03-21T08:58:36.951] [DEBUG] proxyManager - Using proxy: 86.107.113.22:60099:l81L76JNRK:bjdAAF0sYf
[2025-03-21T08:58:37.146] [DEBUG] proxyManager - Using proxy: 86.107.113.230:60099:L4u222HKD2:26W6CXaJJs
[2025-03-21T08:58:37.147] [ERROR] ms - Found error scraping ms: connection refused by server, date since: 2025-02-18 to 2025-03-21
[2025-03-21T08:58:38.369] [DEBUG] proxyManager - Using proxy: 86.107.113.231:60099:L4u222HKD2:26W6CXaJJs
[2025-03-21T08:58:38.369] [ERROR] ms - Found error scraping ms: connection refused by server, date since: 2025-02-18 to 2025-03-21
[2025-03-21T08:58:39.596] [DEBUG] proxyManager - Using proxy: 86.107.113.232:60099:x3ElEkPsJ4:PdvKjfEczA
[2025-03-21T08:58:39.597] [ERROR] ms - Found error scraping ms: connection refused by server, date since: 2025-02-18 to 2025-03-21
[2025-03-21T08:58:39.597] [WARN] ms - Max retries reached for page: 1 and date since: 2025-02-18 to 2025-03-21
[2025-03-21T08:58:40.448] [INFO] ms - Starting at page: 1, out of: 7 for date since: 2025-02-18 to 2025-03-21. All results length 69
[2025-03-21T08:58:40.465] [DEBUG] ms-helper - Extracted 10 court cases
[2025-03-21T08:58:40.470] [INFO] ms - Skipping duplicate case: VII P 747/24
[2025-03-21T08:58:40.472] [INFO] ms - Skipping duplicate case: II Ka 590/24
[2025-03-21T08:58:40.472] [INFO] ms - Skipping duplicate case: V Ka 577/24
[2025-03-21T08:58:40.473] [INFO] ms - Skipping duplicate case: VI U 475/24
[2025-03-21T08:58:40.474] [INFO] ms - Skipping duplicate case: III AUa 634/24
[2025-03-21T08:58:40.474] [INFO] ms - Skipping duplicate case: III Ka 38/25
[2025-03-21T08:58:40.475] [INFO] ms - Skipping duplicate case: III Ka 7/24
[2025-03-21T08:58:40.475] [INFO] ms - Skipping duplicate case: II AKa 251/21
[2025-03-21T08:58:40.476] [INFO] ms - Skipping duplicate case: II AKa 47/21
[2025-03-21T08:58:40.479] [INFO] ms - Skipping duplicate case: IV P 406/24
[2025-03-21T08:58:52.886] [INFO] ms - Logger initialized for ms
[2025-03-21T08:58:52.887] [INFO] database - Database: ms connection pool initialized
[2025-03-21T08:58:52.895] [INFO] ms - Running model: ms
[2025-03-21T08:58:52.928] [ERROR] data-parser - msParser error: Error: getRowsNeededParsing: Table 'ms.parsed_data' doesn't exist
    at getRowsNeededParsing (C:\Users\przyg\Desktop\GitHub\ankork-quickmap\src\services\dPUtils.js:13:15)
    at process.processTicksAndRejections (node:internal/process/task_queues:95:5)
    at async msParser (C:\Users\przyg\Desktop\GitHub\ankork-quickmap\src\services\parsers\msParser.js:8:30)
    at async DataParser.ms [as parsingStrategy] (C:\Users\przyg\Desktop\GitHub\ankork-quickmap\src\services\dataParser.js:30:16)
    at async DataParser.parse (C:\Users\przyg\Desktop\GitHub\ankork-quickmap\src\services\dataParser.js:15:16)
    at async Promise.all (index 0)
    at async Object.scraper (C:\Users\przyg\Desktop\GitHub\ankork-quickmap\src\models\ms\ms.js:205:5)
[2025-03-21T08:58:53.123] [DEBUG] proxyManager - Randomly selected proxy: 86.107.114.77:60099:1NmW4e5xts:uo71ExYgEZ
[2025-03-21T08:58:54.220] [INFO] ms - Starting at page: 1, out of: 7 for date since: 2025-02-18 to 2025-03-21. All results length 69
[2025-03-21T08:58:54.240] [DEBUG] ms-helper - Extracted 10 court cases
[2025-03-21T08:58:54.243] [INFO] ms - Skipping duplicate case: II AKa 251/21
[2025-03-21T08:58:54.243] [INFO] ms - Skipping duplicate case: V Ka 577/24
[2025-03-21T08:58:54.244] [INFO] ms - Skipping duplicate case: II Ka 590/24
[2025-03-21T08:58:54.245] [INFO] ms - Skipping duplicate case: II Ka 306/24
[2025-03-21T08:58:54.246] [INFO] ms - Skipping duplicate case: IV P 406/24
[2025-03-21T08:58:54.246] [INFO] ms - Skipping duplicate case: IX U 245/22
[2025-03-21T08:58:55.175] [INFO] database - Database: ms data inserted successfully into scraped_data, index: 16
[2025-03-21T08:58:56.118] [INFO] database - Database: ms data inserted successfully into scraped_data, index: 17
[2025-03-21T08:58:57.157] [INFO] database - Database: ms data inserted successfully into scraped_data, index: 18
[2025-03-21T08:58:59.111] [INFO] database - Database: ms data inserted successfully into scraped_data, index: 19
[2025-03-21T08:59:10.767] [DEBUG] proxyManager - Randomly selected proxy: 86.107.115.124:60099:FzTTD3EFVJ:SvWqIv6qJV
[2025-03-21T08:59:10.768] [ERROR] ms - Found error scraping ms: connection refused by server, date since: 2025-02-18 to 2025-03-21
[2025-03-21T08:59:10.768] [WARN] ms - Max retries reached for page: 2 and date since: 2025-02-18 to 2025-03-21
[2025-03-21T08:59:11.648] [INFO] ms - Running page: 2, pages left: 5 and 59 results.
[2025-03-21T08:59:11.688] [DEBUG] ms-helper - Extracted 10 court cases
[2025-03-21T08:59:11.690] [INFO] ms - Skipping duplicate case: IX U 635/23
[2025-03-21T08:59:11.690] [INFO] ms - Skipping duplicate case: II AKa 195/24
[2025-03-21T08:59:11.691] [INFO] ms - Skipping duplicate case: II AKa 47/21
[2025-03-21T08:59:11.796] [DEBUG] proxyManager - Randomly selected proxy: 86.107.115.120:60099:GEFH95JNaM:Tv0kzkpmGl
[2025-03-21T08:59:11.797] [ERROR] ms - Found error scraping ms getDetails: connection refused by server, page: https://orzeczenia.ms.gov.pl/details/$N/153505000001006_II_K_000037_2024_Uz_2025-02-19_001
[2025-03-21T08:59:11.797] [WARN] ms - Max retries reached for page: https://orzeczenia.ms.gov.pl/details/$N/153505000001006_II_K_000037_2024_Uz_2025-02-19_001
[2025-03-21T08:59:11.797] [ERROR] ms - Found error scraping ms: getDetails: connection refused by server, date since: 2025-02-18 to 2025-03-21
[2025-03-21T08:59:13.736] [INFO] ms - Running page: 2, pages left: 5 and 59 results.
[2025-03-21T08:59:13.750] [DEBUG] ms-helper - Extracted 10 court cases
[2025-03-21T08:59:13.751] [INFO] ms - Skipping duplicate case: IX U 635/23
[2025-03-21T08:59:13.752] [INFO] ms - Skipping duplicate case: II AKa 195/24
[2025-03-21T08:59:13.753] [INFO] ms - Skipping duplicate case: II AKa 47/21
[2025-03-21T08:59:13.855] [DEBUG] proxyManager - Randomly selected proxy: 86.107.115.104:60099:pJcjJhu8t9:mXoin3ejYZ
[2025-03-21T08:59:13.856] [ERROR] ms - Found error scraping ms getDetails: connection refused by server, page: https://orzeczenia.ms.gov.pl/details/$N/153505000001006_II_K_000037_2024_Uz_2025-02-19_001
[2025-03-21T08:59:13.856] [WARN] ms - Max retries reached for page: https://orzeczenia.ms.gov.pl/details/$N/153505000001006_II_K_000037_2024_Uz_2025-02-19_001
[2025-03-21T08:59:13.856] [ERROR] ms - Found error scraping ms: getDetails: connection refused by server, date since: 2025-02-18 to 2025-03-21
[2025-03-21T08:59:15.080] [INFO] ms - Running page: 2, pages left: 5 and 59 results.
[2025-03-21T08:59:15.081] [DEBUG] ms-helper - Extracted 0 court cases
[2025-03-21T08:59:27.470] [INFO] ms - Running page: 3, pages left: 4 and 49 results.
[2025-03-21T08:59:27.490] [DEBUG] ms-helper - Extracted 10 court cases
[2025-03-21T08:59:27.491] [INFO] ms - Skipping duplicate case: VI Ua 37/24
[2025-03-21T08:59:27.592] [DEBUG] proxyManager - Randomly selected proxy: 86.107.114.82:60099:WHIA43w69N:HlnidmS2tl
[2025-03-21T08:59:27.593] [ERROR] ms - Found error scraping ms getDetails: connection refused by server, page: https://orzeczenia.ms.gov.pl/details/$N/151015000008527_XVII_GWo_000148_2024_Uz_2025-03-02_001
[2025-03-21T08:59:27.593] [WARN] ms - Max retries reached for page: https://orzeczenia.ms.gov.pl/details/$N/151015000008527_XVII_GWo_000148_2024_Uz_2025-03-02_001
[2025-03-21T08:59:27.593] [ERROR] ms - Found error scraping ms: getDetails: connection refused by server, date since: 2025-02-18 to 2025-03-21
[2025-03-21T08:59:27.593] [WARN] ms - Max retries reached for page: 3 and date since: 2025-02-18 to 2025-03-21
[2025-03-21T08:59:28.303] [INFO] ms - Running page: 3, pages left: 4 and 49 results.
[2025-03-21T08:59:28.314] [DEBUG] ms-helper - Extracted 10 court cases
[2025-03-21T08:59:28.314] [INFO] ms - Skipping duplicate case: VI Ua 37/24
[2025-03-21T08:59:28.416] [DEBUG] proxyManager - Randomly selected proxy: 86.107.115.10:60099:7sCW043eqD:6UpT7rlaRM
[2025-03-21T08:59:28.417] [ERROR] ms - Found error scraping ms getDetails: connection refused by server, page: https://orzeczenia.ms.gov.pl/details/$N/151015000008527_XVII_GWo_000148_2024_Uz_2025-03-02_001
[2025-03-21T08:59:28.417] [WARN] ms - Max retries reached for page: https://orzeczenia.ms.gov.pl/details/$N/151015000008527_XVII_GWo_000148_2024_Uz_2025-03-02_001
[2025-03-21T08:59:28.417] [ERROR] ms - Found error scraping ms: getDetails: connection refused by server, date since: 2025-02-18 to 2025-03-21
[2025-03-21T08:59:30.305] [INFO] ms - Running page: 3, pages left: 4 and 49 results.
[2025-03-21T08:59:30.315] [DEBUG] ms-helper - Extracted 10 court cases
[2025-03-21T08:59:30.317] [INFO] ms - Skipping duplicate case: VI Ua 37/24
[2025-03-21T08:59:30.415] [DEBUG] proxyManager - Randomly selected proxy: 86.107.115.109:60099:x0sAyiMwWh:9v1ArZ0gNa
[2025-03-21T08:59:30.416] [ERROR] ms - Found error scraping ms getDetails: connection refused by server, page: https://orzeczenia.ms.gov.pl/details/$N/151015000008527_XVII_GWo_000148_2024_Uz_2025-03-02_001
[2025-03-21T08:59:30.416] [WARN] ms - Max retries reached for page: https://orzeczenia.ms.gov.pl/details/$N/151015000008527_XVII_GWo_000148_2024_Uz_2025-03-02_001
[2025-03-21T08:59:30.416] [ERROR] ms - Found error scraping ms: getDetails: connection refused by server, date since: 2025-02-18 to 2025-03-21
[2025-03-21T08:59:32.270] [INFO] ms - Running page: 3, pages left: 4 and 49 results.
[2025-03-21T08:59:32.279] [DEBUG] ms-helper - Extracted 10 court cases
[2025-03-21T08:59:32.385] [DEBUG] proxyManager - Randomly selected proxy: 86.107.115.118:60099:RDmEcsRJku:bzjPYY0AqR
[2025-03-21T08:59:32.386] [ERROR] ms - Found error scraping ms getDetails: connection refused by server, page: https://orzeczenia.ms.gov.pl/details/$N/150515300001512_III_RC_000227_2024_Uz_2025-02-18_002
[2025-03-21T08:59:32.386] [WARN] ms - Max retries reached for page: https://orzeczenia.ms.gov.pl/details/$N/150515300001512_III_RC_000227_2024_Uz_2025-02-18_002
[2025-03-21T08:59:32.386] [ERROR] ms - Found error scraping ms: getDetails: connection refused by server, date since: 2025-02-18 to 2025-03-21
[2025-03-21T08:59:32.387] [WARN] ms - Max retries reached for page: 3 and date since: 2025-02-18 to 2025-03-21
[2025-03-21T08:59:33.059] [INFO] ms - Running page: 3, pages left: 4 and 49 results.
[2025-03-21T08:59:33.067] [DEBUG] ms-helper - Extracted 10 court cases
[2025-03-21T08:59:33.223] [DEBUG] proxyManager - Randomly selected proxy: 86.107.114.72:60099:L4u222HKD2:26W6CXaJJs
[2025-03-21T08:59:33.224] [ERROR] ms - Found error scraping ms getDetails: connection refused by server, page: https://orzeczenia.ms.gov.pl/details/$N/150515300001512_III_RC_000227_2024_Uz_2025-02-18_002
[2025-03-21T08:59:33.224] [WARN] ms - Max retries reached for page: https://orzeczenia.ms.gov.pl/details/$N/150515300001512_III_RC_000227_2024_Uz_2025-02-18_002
[2025-03-21T08:59:33.224] [ERROR] ms - Found error scraping ms: getDetails: connection refused by server, date since: 2025-02-18 to 2025-03-21
[2025-03-21T08:59:35.081] [INFO] ms - Running page: 3, pages left: 4 and 49 results.
[2025-03-21T08:59:35.093] [DEBUG] ms-helper - Extracted 10 court cases
[2025-03-21T08:59:35.196] [DEBUG] proxyManager - Randomly selected proxy: 86.107.115.107:60099:B1XxnoIRoQ:kTnW21To1k
[2025-03-21T08:59:35.197] [ERROR] ms - Found error scraping ms getDetails: connection refused by server, page: https://orzeczenia.ms.gov.pl/details/$N/150515300001512_III_RC_000227_2024_Uz_2025-02-18_002
[2025-03-21T08:59:35.197] [WARN] ms - Max retries reached for page: https://orzeczenia.ms.gov.pl/details/$N/150515300001512_III_RC_000227_2024_Uz_2025-02-18_002
[2025-03-21T08:59:35.197] [ERROR] ms - Found error scraping ms: getDetails: connection refused by server, date since: 2025-02-18 to 2025-03-21
[2025-03-21T08:59:37.084] [INFO] ms - Running page: 3, pages left: 4 and 49 results.
[2025-03-21T08:59:37.095] [DEBUG] ms-helper - Extracted 10 court cases
[2025-03-21T08:59:37.204] [DEBUG] proxyManager - Randomly selected proxy: 86.107.114.7:60099:vjwgiFiyoH:GuSgNZr3ml
[2025-03-21T08:59:37.205] [ERROR] ms - Found error scraping ms getDetails: connection refused by server, page: https://orzeczenia.ms.gov.pl/details/$N/150515300001512_III_RC_000227_2024_Uz_2025-02-18_002
[2025-03-21T08:59:37.205] [WARN] ms - Max retries reached for page: https://orzeczenia.ms.gov.pl/details/$N/150515300001512_III_RC_000227_2024_Uz_2025-02-18_002
[2025-03-21T08:59:37.205] [ERROR] ms - Found error scraping ms: getDetails: connection refused by server, date since: 2025-02-18 to 2025-03-21
[2025-03-21T08:59:37.206] [WARN] ms - Max retries reached for page: 3 and date since: 2025-02-18 to 2025-03-21
[2025-03-21T08:59:37.861] [INFO] ms - Running page: 3, pages left: 4 and 49 results.
[2025-03-21T08:59:37.869] [DEBUG] ms-helper - Extracted 10 court cases
[2025-03-21T08:59:37.974] [DEBUG] proxyManager - Randomly selected proxy: 86.107.114.96:60099:R3ogSHTxZ0:Q97cHZP5Cx
[2025-03-21T08:59:37.974] [ERROR] ms - Found error scraping ms getDetails: connection refused by server, page: https://orzeczenia.ms.gov.pl/details/$N/150515300001512_III_RC_000227_2024_Uz_2025-02-18_002
[2025-03-21T08:59:37.974] [WARN] ms - Max retries reached for page: https://orzeczenia.ms.gov.pl/details/$N/150515300001512_III_RC_000227_2024_Uz_2025-02-18_002
[2025-03-21T08:59:37.974] [ERROR] ms - Found error scraping ms: getDetails: connection refused by server, date since: 2025-02-18 to 2025-03-21
[2025-03-21T08:59:39.923] [INFO] ms - Running page: 3, pages left: 4 and 49 results.
[2025-03-21T08:59:39.931] [DEBUG] ms-helper - Extracted 10 court cases
[2025-03-21T08:59:40.038] [DEBUG] proxyManager - Randomly selected proxy: 86.107.114.83:60099:iVSaoY97TS:djIFwVKIka
[2025-03-21T08:59:40.038] [ERROR] ms - Found error scraping ms getDetails: connection refused by server, page: https://orzeczenia.ms.gov.pl/details/$N/150515300001512_III_RC_000227_2024_Uz_2025-02-18_002
[2025-03-21T08:59:40.038] [WARN] ms - Max retries reached for page: https://orzeczenia.ms.gov.pl/details/$N/150515300001512_III_RC_000227_2024_Uz_2025-02-18_002
[2025-03-21T08:59:40.039] [ERROR] ms - Found error scraping ms: getDetails: connection refused by server, date since: 2025-02-18 to 2025-03-21
[2025-03-21T08:59:41.266] [DEBUG] proxyManager - Randomly selected proxy: 86.107.115.111:60099:frLHeD8pQC:eK8WCqv31t
[2025-03-21T08:59:41.266] [ERROR] ms - Found error scraping ms: connection refused by server, date since: 2025-02-18 to 2025-03-21
[2025-03-21T08:59:41.266] [WARN] ms - Max retries reached for page: 3 and date since: 2025-02-18 to 2025-03-21
[2025-03-21T08:59:42.064] [INFO] ms - Running page: 3, pages left: 4 and 49 results.
[2025-03-21T08:59:42.076] [DEBUG] ms-helper - Extracted 10 court cases
[2025-03-21T08:59:42.192] [DEBUG] proxyManager - Randomly selected proxy: 86.107.115.113:60099:NaNpVgPHQF:WWIZpjL55C
[2025-03-21T08:59:42.193] [ERROR] ms - Found error scraping ms getDetails: connection refused by server, page: https://orzeczenia.ms.gov.pl/details/$N/150515300001512_III_RC_000227_2024_Uz_2025-02-18_002
[2025-03-21T08:59:42.193] [WARN] ms - Max retries reached for page: https://orzeczenia.ms.gov.pl/details/$N/150515300001512_III_RC_000227_2024_Uz_2025-02-18_002
[2025-03-21T08:59:42.194] [ERROR] ms - Found error scraping ms: getDetails: connection refused by server, date since: 2025-02-18 to 2025-03-21
[2025-03-21T08:59:43.424] [INFO] ms - Running page: 3, pages left: 4 and 49 results.
[2025-03-21T08:59:43.424] [DEBUG] ms-helper - Extracted 0 court cases
[2025-03-21T08:59:55.792] [INFO] ms - Running page: 4, pages left: 3 and 39 results.
[2025-03-21T08:59:55.799] [DEBUG] ms-helper - Extracted 10 court cases
[2025-03-21T08:59:55.901] [DEBUG] proxyManager - Randomly selected proxy: 86.107.113.22:60099:l81L76JNRK:bjdAAF0sYf
[2025-03-21T08:59:55.901] [ERROR] ms - Found error scraping ms getDetails: connection refused by server, page: https://orzeczenia.ms.gov.pl/details/$N/152515050001006_II_W_000413_2024_Uz_2025-02-28_001
[2025-03-21T08:59:55.902] [WARN] ms - Max retries reached for page: https://orzeczenia.ms.gov.pl/details/$N/152515050001006_II_W_000413_2024_Uz_2025-02-28_001
[2025-03-21T08:59:55.902] [ERROR] ms - Found error scraping ms: getDetails: connection refused by server, date since: 2025-02-18 to 2025-03-21
[2025-03-21T08:59:55.902] [WARN] ms - Max retries reached for page: 4 and date since: 2025-02-18 to 2025-03-21
[2025-03-21T08:59:56.588] [INFO] ms - Running page: 4, pages left: 3 and 39 results.
[2025-03-21T08:59:56.596] [DEBUG] ms-helper - Extracted 10 court cases
[2025-03-21T08:59:56.705] [DEBUG] proxyManager - Randomly selected proxy: 86.107.113.251:60099:qFYGlmlG29:VHdyGZGzwk
[2025-03-21T08:59:56.705] [ERROR] ms - Found error scraping ms getDetails: connection refused by server, page: https://orzeczenia.ms.gov.pl/details/$N/152515050001006_II_W_000413_2024_Uz_2025-02-28_001
[2025-03-21T08:59:56.705] [WARN] ms - Max retries reached for page: https://orzeczenia.ms.gov.pl/details/$N/152515050001006_II_W_000413_2024_Uz_2025-02-28_001
[2025-03-21T08:59:56.706] [ERROR] ms - Found error scraping ms: getDetails: connection refused by server, date since: 2025-02-18 to 2025-03-21
[2025-03-21T08:59:58.586] [INFO] ms - Running page: 4, pages left: 3 and 39 results.
[2025-03-21T08:59:58.596] [DEBUG] ms-helper - Extracted 10 court cases
[2025-03-21T08:59:58.705] [DEBUG] proxyManager - Randomly selected proxy: 86.107.114.84:60099:iVSaoY97TS:djIFwVKIka
[2025-03-21T08:59:58.705] [ERROR] ms - Found error scraping ms getDetails: connection refused by server, page: https://orzeczenia.ms.gov.pl/details/$N/152515050001006_II_W_000413_2024_Uz_2025-02-28_001
[2025-03-21T08:59:58.706] [WARN] ms - Max retries reached for page: https://orzeczenia.ms.gov.pl/details/$N/152515050001006_II_W_000413_2024_Uz_2025-02-28_001
[2025-03-21T08:59:58.706] [ERROR] ms - Found error scraping ms: getDetails: connection refused by server, date since: 2025-02-18 to 2025-03-21
[2025-03-21T09:00:00.525] [INFO] ms - Running page: 4, pages left: 3 and 39 results.
[2025-03-21T09:00:00.533] [DEBUG] ms-helper - Extracted 10 court cases
[2025-03-21T09:00:00.635] [DEBUG] proxyManager - Randomly selected proxy: 86.107.113.24:60099:R3ogSHTxZ0:Q97cHZP5Cx
[2025-03-21T09:00:00.636] [ERROR] ms - Found error scraping ms getDetails: connection refused by server, page: https://orzeczenia.ms.gov.pl/details/$N/154510000003006_VI_Ka_001417_2024_Uz_2025-03-04_001
[2025-03-21T09:00:00.636] [WARN] ms - Max retries reached for page: https://orzeczenia.ms.gov.pl/details/$N/154510000003006_VI_Ka_001417_2024_Uz_2025-03-04_001
[2025-03-21T09:00:00.636] [ERROR] ms - Found error scraping ms: getDetails: connection refused by server, date since: 2025-02-18 to 2025-03-21
[2025-03-21T09:00:00.636] [WARN] ms - Max retries reached for page: 4 and date since: 2025-02-18 to 2025-03-21
[2025-03-21T09:00:01.491] [INFO] ms - Running page: 4, pages left: 3 and 39 results.
[2025-03-21T09:00:01.498] [DEBUG] ms-helper - Extracted 10 court cases
[2025-03-21T09:00:01.608] [DEBUG] proxyManager - Randomly selected proxy: 86.107.114.90:60099:M4tl5eibrg:QVAhAFkslE
[2025-03-21T09:00:01.608] [ERROR] ms - Found error scraping ms getDetails: connection refused by server, page: https://orzeczenia.ms.gov.pl/details/$N/152515050001006_II_W_000413_2024_Uz_2025-02-28_001
[2025-03-21T09:00:01.608] [WARN] ms - Max retries reached for page: https://orzeczenia.ms.gov.pl/details/$N/152515050001006_II_W_000413_2024_Uz_2025-02-28_001
[2025-03-21T09:00:01.608] [ERROR] ms - Found error scraping ms: getDetails: connection refused by server, date since: 2025-02-18 to 2025-03-21
[2025-03-21T09:00:03.484] [INFO] ms - Running page: 4, pages left: 3 and 39 results.
[2025-03-21T09:00:03.491] [DEBUG] ms-helper - Extracted 10 court cases
[2025-03-21T09:00:03.599] [DEBUG] proxyManager - Randomly selected proxy: 86.107.114.73:60099:BMQcRjabBX:G2liRq2g56
[2025-03-21T09:00:03.600] [ERROR] ms - Found error scraping ms getDetails: connection refused by server, page: https://orzeczenia.ms.gov.pl/details/$N/154510000003006_VI_Ka_001417_2024_Uz_2025-03-04_001
[2025-03-21T09:00:03.600] [WARN] ms - Max retries reached for page: https://orzeczenia.ms.gov.pl/details/$N/154510000003006_VI_Ka_001417_2024_Uz_2025-03-04_001
[2025-03-21T09:00:03.600] [ERROR] ms - Found error scraping ms: getDetails: connection refused by server, date since: 2025-02-18 to 2025-03-21
