[2025-03-21T09:14:56.192] [INFO] ms - Logger initialized for ms
[2025-03-21T09:14:56.192] [INFO] database - Database: ms connection pool initialized
[2025-03-21T09:14:56.200] [INFO] ms - Running model: ms
[2025-03-21T09:14:56.231] [ERROR] data-parser - msParser error: Error: getRowsNeededParsing: Table 'ms.parsed_data' doesn't exist
    at getRowsNeededParsing (C:\Users\przyg\Desktop\GitHub\ankork-quickmap\src\services\dPUtils.js:13:15)
    at process.processTicksAndRejections (node:internal/process/task_queues:95:5)
    at async msParser (C:\Users\przyg\Desktop\GitHub\ankork-quickmap\src\services\parsers\msParser.js:8:30)
    at async DataParser.ms [as parsingStrategy] (C:\Users\przyg\Desktop\GitHub\ankork-quickmap\src\services\dataParser.js:30:16)
    at async DataParser.parse (C:\Users\przyg\Desktop\GitHub\ankork-quickmap\src\services\dataParser.js:15:16)
    at async Promise.all (index 0)
    at async Object.scraper (C:\Users\przyg\Desktop\GitHub\ankork-quickmap\src\models\ms\ms.js:207:5)
[2025-03-21T09:14:57.418] [INFO] ms - Running page: 1, pages left: -1 and 0 results. Link: https://orzeczenia.ms.gov.pl/search.gridpager/1?t:ac=advanced/$N/$N/$N/$N/$N/$N/$N/2025-02-18/2025-03-21/$N/$N/$N/$N/$N/$N/score/descending/1
[2025-03-21T09:14:57.539] [INFO] ms - Starting at page: 1, out of: 7 for date since: 2025-02-18 to 2025-03-21. All results length 69
[2025-03-21T09:14:57.556] [DEBUG] ms-helper - Extracted 10 court cases
[2025-03-21T09:14:57.564] [INFO] ms - Skipping duplicate case: VII P 747/24
[2025-03-21T09:14:57.565] [INFO] ms - Skipping duplicate case: II Ka 590/24
[2025-03-21T09:14:57.565] [INFO] ms - Skipping duplicate case: V Ka 577/24
[2025-03-21T09:14:57.566] [INFO] ms - Skipping duplicate case: VI U 475/24
[2025-03-21T09:14:57.566] [INFO] ms - Skipping duplicate case: III AUa 634/24
[2025-03-21T09:14:57.567] [INFO] ms - Skipping duplicate case: III Ka 38/25
[2025-03-21T09:14:57.567] [INFO] ms - Skipping duplicate case: III Ka 7/24
[2025-03-21T09:14:57.568] [INFO] ms - Skipping duplicate case: II AKa 251/21
[2025-03-21T09:14:57.568] [INFO] ms - Skipping duplicate case: II AKa 47/21
[2025-03-21T09:14:57.569] [INFO] ms - Skipping duplicate case: IV P 406/24
[2025-03-21T09:15:09.353] [INFO] ms - Running page: 2, pages left: 5 and 59 results. Link: https://orzeczenia.ms.gov.pl/search.gridpager/2?t:ac=advanced/$N/$N/$N/$N/$N/$N/$N/2025-02-18/2025-03-21/$N/$N/$N/$N/$N/$N/score/descending/2
[2025-03-21T09:15:09.363] [DEBUG] ms-helper - Extracted 0 court cases
