[2025-03-21T09:15:23.194] [INFO] ms - Logger initialized for ms
[2025-03-21T09:15:23.195] [INFO] database - Database: ms connection pool initialized
[2025-03-21T09:15:23.203] [INFO] ms - Running model: ms
[2025-03-21T09:15:23.238] [ERROR] data-parser - msParser error: Error: getRowsNeededParsing: Table 'ms.parsed_data' doesn't exist
    at getRowsNeededParsing (C:\Users\przyg\Desktop\GitHub\ankork-quickmap\src\services\dPUtils.js:13:15)
    at process.processTicksAndRejections (node:internal/process/task_queues:95:5)
    at async msParser (C:\Users\przyg\Desktop\GitHub\ankork-quickmap\src\services\parsers\msParser.js:8:30)
    at async DataParser.ms [as parsingStrategy] (C:\Users\przyg\Desktop\GitHub\ankork-quickmap\src\services\dataParser.js:30:16)
    at async DataParser.parse (C:\Users\przyg\Desktop\GitHub\ankork-quickmap\src\services\dataParser.js:15:16)
    at async Promise.all (index 0)
    at async Object.scraper (C:\Users\przyg\Desktop\GitHub\ankork-quickmap\src\models\ms\ms.js:207:5)
[2025-03-21T09:15:24.429] [INFO] ms - Running page: 3, pages left: -3 and 0 results. Link: https://orzeczenia.ms.gov.pl/search.gridpager/3?t:ac=advanced/$N/$N/$N/$N/$N/$N/$N/2025-02-18/2025-03-21/$N/$N/$N/$N/$N/$N/score/descending/3
[2025-03-21T09:15:24.545] [INFO] ms - Starting at page: 3, out of: 7 for date since: 2025-02-18 to 2025-03-21. All results length 69
[2025-03-21T09:15:24.568] [DEBUG] ms-helper - Extracted 10 court cases
[2025-03-21T09:15:25.490] [INFO] database - Database: ms data inserted successfully into scraped_data, index: 20
[2025-03-21T09:15:25.491] [INFO] ms - Skipping duplicate case: IX U 506/24
[2025-03-21T09:15:26.155] [INFO] database - Database: ms data inserted successfully into scraped_data, index: 21
[2025-03-21T09:15:26.841] [INFO] database - Database: ms data inserted successfully into scraped_data, index: 22
[2025-03-21T09:15:27.515] [INFO] database - Database: ms data inserted successfully into scraped_data, index: 23
[2025-03-21T09:15:28.170] [INFO] database - Database: ms data inserted successfully into scraped_data, index: 24
