[2025-03-21T09:18:24.675] [INFO] ms - Logger initialized for ms
[2025-03-21T09:18:24.676] [INFO] database - Database: ms connection pool initialized
[2025-03-21T09:18:24.683] [INFO] ms - Running model: ms
[2025-03-21T09:18:24.717] [ERROR] data-parser - msParser error: Error: getRowsNeededParsing: Table 'ms.parsed_data' doesn't exist
    at getRowsNeededParsing (C:\Users\przyg\Desktop\GitHub\ankork-quickmap\src\services\dPUtils.js:13:15)
    at process.processTicksAndRejections (node:internal/process/task_queues:95:5)
    at async msParser (C:\Users\przyg\Desktop\GitHub\ankork-quickmap\src\services\parsers\msParser.js:8:30)
    at async DataParser.ms [as parsingStrategy] (C:\Users\przyg\Desktop\GitHub\ankork-quickmap\src\services\dataParser.js:30:16)
    at async DataParser.parse (C:\Users\przyg\Desktop\GitHub\ankork-quickmap\src\services\dataParser.js:15:16)
    at async Promise.all (index 0)
    at async Object.scraper (C:\Users\przyg\Desktop\GitHub\ankork-quickmap\src\models\ms\ms.js:210:5)
[2025-03-21T09:18:25.210] [INFO] ms - Running page: 3, pages left: -3 and 0 results. Link: https://orzeczenia.ms.gov.pl/search.gridpager/3?t:ac=advanced/$N/$N/$N/$N/$N/$N/$N/2025-02-18/2025-03-21/$N/$N/$N/$N/$N/$N/score/descending/3
[2025-03-21T09:18:25.211] [ERROR] ms - Found error scraping ms: connection refused by server, date since: 2025-02-18 to 2025-03-21, page 3
[2025-03-21T09:18:42.973] [INFO] ms - Logger initialized for ms
[2025-03-21T09:18:42.974] [INFO] database - Database: ms connection pool initialized
[2025-03-21T09:18:42.981] [INFO] ms - Running model: ms
[2025-03-21T09:18:43.013] [ERROR] data-parser - msParser error: Error: getRowsNeededParsing: Table 'ms.parsed_data' doesn't exist
    at getRowsNeededParsing (C:\Users\przyg\Desktop\GitHub\ankork-quickmap\src\services\dPUtils.js:13:15)
    at process.processTicksAndRejections (node:internal/process/task_queues:95:5)
    at async msParser (C:\Users\przyg\Desktop\GitHub\ankork-quickmap\src\services\parsers\msParser.js:8:30)
    at async DataParser.ms [as parsingStrategy] (C:\Users\przyg\Desktop\GitHub\ankork-quickmap\src\services\dataParser.js:30:16)
    at async DataParser.parse (C:\Users\przyg\Desktop\GitHub\ankork-quickmap\src\services\dataParser.js:15:16)
    at async Promise.all (index 0)
    at async Object.scraper (C:\Users\przyg\Desktop\GitHub\ankork-quickmap\src\models\ms\ms.js:210:5)
[2025-03-21T09:18:43.212] [DEBUG] proxyManager - Randomly selected proxy: 86.107.114.87:60099:8EYlFcsP2J:31KVW0t7Vr
[2025-03-21T09:18:44.474] [INFO] ms - Running page: 3, pages left: -3 and 0 results. Link: https://orzeczenia.ms.gov.pl/search.gridpager/3?t:ac=advanced/$N/$N/$N/$N/$N/$N/$N/2025-02-18/2025-03-21/$N/$N/$N/$N/$N/$N/score/descending/3
[2025-03-21T09:18:44.615] [INFO] ms - Starting at page: 3, out of: 7 for date since: 2025-02-18 to 2025-03-21. All results length 69
[2025-03-21T09:18:44.639] [DEBUG] ms-helper - Extracted 10 court cases
[2025-03-21T09:18:44.645] [INFO] ms - Skipping duplicate case: III RC 227/24
[2025-03-21T09:18:44.646] [INFO] ms - Skipping duplicate case: IX U 506/24
[2025-03-21T09:18:44.646] [INFO] ms - Skipping duplicate case: I Ns 136/25
[2025-03-21T09:18:44.647] [INFO] ms - Skipping duplicate case: II W 413/24
[2025-03-21T09:18:44.647] [INFO] ms - Skipping duplicate case: II K 630/24
[2025-03-21T09:18:44.648] [INFO] ms - Skipping duplicate case: II K 894/24
[2025-03-21T09:18:45.658] [INFO] database - Database: ms data inserted successfully into scraped_data, index: 25
[2025-03-21T09:18:46.600] [INFO] database - Database: ms data inserted successfully into scraped_data, index: 26
[2025-03-21T09:18:47.591] [INFO] database - Database: ms data inserted successfully into scraped_data, index: 27
[2025-03-21T09:18:48.556] [INFO] database - Database: ms data inserted successfully into scraped_data, index: 28
[2025-03-21T09:19:00.224] [INFO] ms - Running page: 4, pages left: 3 and 59 results. Link: https://orzeczenia.ms.gov.pl/search.gridpager/4?t:ac=advanced/$N/$N/$N/$N/$N/$N/$N/2025-02-18/2025-03-21/$N/$N/$N/$N/$N/$N/score/descending/4
[2025-03-21T09:19:00.225] [DEBUG] proxyManager - Randomly selected proxy: 86.107.115.125:60099:8EYlFcsP2J:31KVW0t7Vr
[2025-03-21T09:19:00.225] [ERROR] ms - Found error scraping ms: connection refused by server, date since: 2025-02-18 to 2025-03-21, page 4
[2025-03-21T09:19:00.225] [WARN] ms - Max retries reached for page: 4 and date since: 2025-02-18 to 2025-03-21
[2025-03-21T09:19:00.373] [INFO] ms - Running page: 4, pages left: 3 and 59 results. Link: https://orzeczenia.ms.gov.pl/search.gridpager/4?t:ac=advanced/$N/$N/$N/$N/$N/$N/$N/2025-02-18/2025-03-21/$N/$N/$N/$N/$N/$N/score/descending/4
[2025-03-21T09:19:00.373] [DEBUG] proxyManager - Randomly selected proxy: 86.107.113.24:60099:R3ogSHTxZ0:Q97cHZP5Cx
[2025-03-21T09:19:00.374] [ERROR] ms - Found error scraping ms: connection refused by server, date since: 2025-02-18 to 2025-03-21, page 4
[2025-03-21T09:19:01.644] [INFO] ms - Running page: 4, pages left: 3 and 59 results. Link: https://orzeczenia.ms.gov.pl/search.gridpager/4?t:ac=advanced/$N/$N/$N/$N/$N/$N/$N/2025-02-18/2025-03-21/$N/$N/$N/$N/$N/$N/score/descending/4
[2025-03-21T09:19:01.644] [DEBUG] proxyManager - Randomly selected proxy: 86.107.115.113:60099:NaNpVgPHQF:WWIZpjL55C
[2025-03-21T09:19:01.645] [ERROR] ms - Found error scraping ms: connection refused by server, date since: 2025-02-18 to 2025-03-21, page 4
[2025-03-21T09:19:02.916] [INFO] ms - Running page: 4, pages left: 3 and 59 results. Link: https://orzeczenia.ms.gov.pl/search.gridpager/4?t:ac=advanced/$N/$N/$N/$N/$N/$N/$N/2025-02-18/2025-03-21/$N/$N/$N/$N/$N/$N/score/descending/4
[2025-03-21T09:19:02.917] [DEBUG] proxyManager - Randomly selected proxy: 86.107.115.11:60099:1NmW4e5xts:uo71ExYgEZ
[2025-03-21T09:19:02.917] [ERROR] ms - Found error scraping ms: connection refused by server, date since: 2025-02-18 to 2025-03-21, page 4
[2025-03-21T09:19:02.917] [WARN] ms - Max retries reached for page: 4 and date since: 2025-02-18 to 2025-03-21
[2025-03-21T09:19:03.074] [INFO] ms - Running page: 4, pages left: 3 and 59 results. Link: https://orzeczenia.ms.gov.pl/search.gridpager/4?t:ac=advanced/$N/$N/$N/$N/$N/$N/$N/2025-02-18/2025-03-21/$N/$N/$N/$N/$N/$N/score/descending/4
[2025-03-21T09:19:03.074] [DEBUG] proxyManager - Randomly selected proxy: 86.107.114.95:60099:7sCW043eqD:6UpT7rlaRM
[2025-03-21T09:19:03.075] [ERROR] ms - Found error scraping ms: connection refused by server, date since: 2025-02-18 to 2025-03-21, page 4
[2025-03-21T09:19:04.295] [INFO] ms - Running page: 4, pages left: 3 and 59 results. Link: https://orzeczenia.ms.gov.pl/search.gridpager/4?t:ac=advanced/$N/$N/$N/$N/$N/$N/$N/2025-02-18/2025-03-21/$N/$N/$N/$N/$N/$N/score/descending/4
[2025-03-21T09:19:04.296] [DEBUG] proxyManager - Randomly selected proxy: 86.107.114.7:60099:vjwgiFiyoH:GuSgNZr3ml
[2025-03-21T09:19:04.296] [ERROR] ms - Found error scraping ms: connection refused by server, date since: 2025-02-18 to 2025-03-21, page 4
[2025-03-21T09:19:05.575] [INFO] ms - Running page: 4, pages left: 3 and 59 results. Link: https://orzeczenia.ms.gov.pl/search.gridpager/4?t:ac=advanced/$N/$N/$N/$N/$N/$N/$N/2025-02-18/2025-03-21/$N/$N/$N/$N/$N/$N/score/descending/4
[2025-03-21T09:19:05.575] [DEBUG] proxyManager - Randomly selected proxy: 86.107.115.121:60099:GI2G9KwMfV:SdaiHdC0AO
[2025-03-21T09:19:05.575] [ERROR] ms - Found error scraping ms: connection refused by server, date since: 2025-02-18 to 2025-03-21, page 4
[2025-03-21T09:19:05.576] [WARN] ms - Max retries reached for page: 4 and date since: 2025-02-18 to 2025-03-21
[2025-03-21T09:19:05.727] [INFO] ms - Running page: 4, pages left: 3 and 59 results. Link: https://orzeczenia.ms.gov.pl/search.gridpager/4?t:ac=advanced/$N/$N/$N/$N/$N/$N/$N/2025-02-18/2025-03-21/$N/$N/$N/$N/$N/$N/score/descending/4
[2025-03-21T09:19:05.728] [DEBUG] proxyManager - Randomly selected proxy: 86.107.114.75:60099:UJkjKGQho5:Wd9KnYTjR7
[2025-03-21T09:19:05.728] [ERROR] ms - Found error scraping ms: connection refused by server, date since: 2025-02-18 to 2025-03-21, page 4
