[2025-03-21T09:32:59.095] [INFO] ms - Logger initialized for ms
[2025-03-21T09:32:59.096] [INFO] database - Database: ms connection pool initialized
[2025-03-21T09:32:59.103] [INFO] ms - Running model: ms
[2025-03-21T09:32:59.128] [ERROR] data-parser - msParser error: Error: getRowsNeededParsing: Table 'ms.parsed_data' doesn't exist
    at getRowsNeededParsing (C:\Users\przyg\Desktop\GitHub\ankork-quickmap\src\services\dPUtils.js:13:15)
    at process.processTicksAndRejections (node:internal/process/task_queues:95:5)
    at async msParser (C:\Users\przyg\Desktop\GitHub\ankork-quickmap\src\services\parsers\msParser.js:8:30)
    at async DataParser.ms [as parsingStrategy] (C:\Users\przyg\Desktop\GitHub\ankork-quickmap\src\services\dataParser.js:30:16)
    at async DataParser.parse (C:\Users\przyg\Desktop\GitHub\ankork-quickmap\src\services\dataParser.js:15:16)
    at async Promise.all (index 0)
    at async Object.scraper (C:\Users\przyg\Desktop\GitHub\ankork-quickmap\src\models\ms\ms.js:210:5)
[2025-03-21T09:32:59.345] [DEBUG] proxyManager - Randomly selected proxy: 86.107.114.74:60099:RDmEcsRJku:bzjPYY0AqR
[2025-03-21T09:33:00.737] [INFO] ms - Running page: 3, pages left: -3 and 0 results. Link: https://orzeczenia.ms.gov.pl/search.gridpager/3?t:ac=advanced/$N/$N/$N/$N/$N/$N/$N/2025-02-18/2025-03-21/$N/$N/$N/$N/$N/$N/score/descending/3
[2025-03-21T09:33:00.826] [INFO] ms - Starting at page: 3, out of: 7 for date since: 2025-02-18 to 2025-03-21. All results length 69
[2025-03-21T09:33:00.857] [DEBUG] ms-helper - Extracted 10 court cases
[2025-03-21T09:33:00.866] [INFO] ms - Skipping duplicate case: VI Ua 37/24
[2025-03-21T09:33:00.866] [INFO] ms - Skipping duplicate case: XVII GWo 148/24
[2025-03-21T09:33:00.867] [INFO] ms - Skipping duplicate case: XVII GW 79/24
[2025-03-21T09:33:00.868] [INFO] ms - Skipping duplicate case: V Ca 3920/23
[2025-03-21T09:33:00.868] [INFO] ms - Skipping duplicate case: III RC 227/24
[2025-03-21T09:33:00.869] [INFO] ms - Skipping duplicate case: I Ns 136/25
[2025-03-21T09:33:00.870] [INFO] ms - Skipping duplicate case: II K 630/24
[2025-03-21T09:33:01.887] [INFO] database - Database: ms data inserted successfully into scraped_data, index: 29
[2025-03-21T09:33:01.887] [INFO] ms - Skipping duplicate case: II K 894/24
[2025-03-21T09:33:01.888] [INFO] ms - Skipping duplicate case: II W 413/24
[2025-03-21T09:33:14.508] [INFO] ms - Running page: 4, pages left: 3 and 59 results. Link: https://orzeczenia.ms.gov.pl/search.gridpager/4?t:ac=advanced/$N/$N/$N/$N/$N/$N/$N/2025-02-18/2025-03-21/$N/$N/$N/$N/$N/$N/score/descending/4
[2025-03-21T09:33:14.542] [DEBUG] ms-helper - Extracted 10 court cases
[2025-03-21T09:33:15.556] [INFO] database - Database: ms data inserted successfully into scraped_data, index: 30
[2025-03-21T09:33:15.557] [INFO] ms - Skipping duplicate case: VII U 987/24
[2025-03-21T09:33:16.531] [INFO] database - Database: ms data inserted successfully into scraped_data, index: 31
[2025-03-21T09:33:17.462] [INFO] database - Database: ms data inserted successfully into scraped_data, index: 32
[2025-03-21T09:33:18.351] [INFO] database - Database: ms data inserted successfully into scraped_data, index: 33
[2025-03-21T09:33:19.345] [INFO] database - Database: ms data inserted successfully into scraped_data, index: 34
[2025-03-21T09:33:19.345] [INFO] ms - Skipping duplicate case: II C 1932/23
[2025-03-21T09:33:19.442] [DEBUG] proxyManager - Randomly selected proxy: 86.107.115.125:60099:8EYlFcsP2J:31KVW0t7Vr
[2025-03-21T09:33:19.443] [ERROR] ms - Found error scraping ms getDetails: connection refused by server, page: https://orzeczenia.ms.gov.pl/details/$N/152510000001003_II_C_002233_2024_Uz_2025-02-27_001
[2025-03-21T09:33:19.443] [WARN] ms - Max retries reached for page: https://orzeczenia.ms.gov.pl/details/$N/152510000001003_II_C_002233_2024_Uz_2025-02-27_001
[2025-03-21T09:33:19.443] [ERROR] ms - Found error scraping ms: getDetails: connection refused by server, date since: 2025-02-18 to 2025-03-21, page 4
[2025-03-21T09:33:19.443] [WARN] ms - Max retries reached for page: 4 and date since: 2025-02-18 to 2025-03-21
[2025-03-21T09:33:19.549] [INFO] ms - Running page: 4, pages left: 3 and 59 results. Link: https://orzeczenia.ms.gov.pl/search.gridpager/4?t:ac=advanced/$N/$N/$N/$N/$N/$N/$N/2025-02-18/2025-03-21/$N/$N/$N/$N/$N/$N/score/descending/4
[2025-03-21T09:33:19.550] [DEBUG] proxyManager - Randomly selected proxy: 86.107.114.87:60099:8EYlFcsP2J:31KVW0t7Vr
[2025-03-21T09:33:19.550] [ERROR] ms - Found error scraping ms: connection refused by server, date since: 2025-02-18 to 2025-03-21, page 4
[2025-03-21T09:33:20.836] [INFO] ms - Running page: 4, pages left: 3 and 59 results. Link: https://orzeczenia.ms.gov.pl/search.gridpager/4?t:ac=advanced/$N/$N/$N/$N/$N/$N/$N/2025-02-18/2025-03-21/$N/$N/$N/$N/$N/$N/score/descending/4
[2025-03-21T09:33:20.836] [DEBUG] proxyManager - Randomly selected proxy: 86.107.114.7:60099:vjwgiFiyoH:GuSgNZr3ml
[2025-03-21T09:33:20.836] [ERROR] ms - Found error scraping ms: connection refused by server, date since: 2025-02-18 to 2025-03-21, page 4
[2025-03-21T09:33:22.093] [INFO] ms - Running page: 4, pages left: 3 and 59 results. Link: https://orzeczenia.ms.gov.pl/search.gridpager/4?t:ac=advanced/$N/$N/$N/$N/$N/$N/$N/2025-02-18/2025-03-21/$N/$N/$N/$N/$N/$N/score/descending/4
[2025-03-21T09:33:22.094] [DEBUG] proxyManager - Randomly selected proxy: 86.107.114.94:60099:qdkyEt9ms8:LmvJ2L7p9m
[2025-03-21T09:33:22.094] [ERROR] ms - Found error scraping ms: connection refused by server, date since: 2025-02-18 to 2025-03-21, page 4
[2025-03-21T09:33:22.094] [WARN] ms - Max retries reached for page: 4 and date since: 2025-02-18 to 2025-03-21
[2025-03-21T09:33:22.252] [INFO] ms - Running page: 4, pages left: 3 and 59 results. Link: https://orzeczenia.ms.gov.pl/search.gridpager/4?t:ac=advanced/$N/$N/$N/$N/$N/$N/$N/2025-02-18/2025-03-21/$N/$N/$N/$N/$N/$N/score/descending/4
[2025-03-21T09:33:22.252] [DEBUG] proxyManager - Randomly selected proxy: 86.107.114.77:60099:1NmW4e5xts:uo71ExYgEZ
[2025-03-21T09:33:22.252] [ERROR] ms - Found error scraping ms: connection refused by server, date since: 2025-02-18 to 2025-03-21, page 4
