[2025-03-21T09:09:29.517] [INFO] ms - Logger initialized for ms
[2025-03-21T09:09:29.518] [INFO] database - Database: ms connection pool initialized
[2025-03-21T09:09:29.525] [INFO] ms - Running model: ms
[2025-03-21T09:09:29.559] [ERROR] data-parser - msParser error: Error: getRowsNeededParsing: Table 'ms.parsed_data' doesn't exist
    at getRowsNeededParsing (C:\Users\przyg\Desktop\GitHub\ankork-quickmap\src\services\dPUtils.js:13:15)
    at process.processTicksAndRejections (node:internal/process/task_queues:95:5)
    at async msParser (C:\Users\przyg\Desktop\GitHub\ankork-quickmap\src\services\parsers\msParser.js:8:30)
    at async DataParser.ms [as parsingStrategy] (C:\Users\przyg\Desktop\GitHub\ankork-quickmap\src\services\dataParser.js:30:16)
    at async DataParser.parse (C:\Users\przyg\Desktop\GitHub\ankork-quickmap\src\services\dataParser.js:15:16)
    at async Promise.all (index 0)
    at async Object.scraper (C:\Users\przyg\Desktop\GitHub\ankork-quickmap\src\models\ms\ms.js:205:5)
[2025-03-21T09:09:29.772] [DEBUG] proxyManager - Randomly selected proxy: 86.107.114.95:60099:7sCW043eqD:6UpT7rlaRM
[2025-03-21T09:09:30.083] [INFO] ms - Running page: 1, pages left: -1 and 0 results. Link: https://orzeczenia.ms.gov.pl/search/advanced/$N/$N/$N/$N/$N/$N/$N/2025-02-18/2025-03-21/$N/$N/$N/$N/$N/$N/score/descending/1
[2025-03-21T09:09:30.100] [ERROR] ms - Found error scraping ms: MsHelper checkForErrorMessage: MsHelper getResultsLength: found error not locating span.big_number for date: undefined, date since: 2025-02-18 to 2025-03-21, page 1
[2025-03-21T09:09:31.212] [INFO] database - Closing database: ms connection pool
[2025-03-21T09:09:38.665] [INFO] ms - Logger initialized for ms
[2025-03-21T09:09:38.666] [INFO] database - Database: ms connection pool initialized
[2025-03-21T09:09:38.674] [INFO] ms - Running model: ms
[2025-03-21T09:09:38.705] [ERROR] data-parser - msParser error: Error: getRowsNeededParsing: Table 'ms.parsed_data' doesn't exist
    at getRowsNeededParsing (C:\Users\przyg\Desktop\GitHub\ankork-quickmap\src\services\dPUtils.js:13:15)
    at process.processTicksAndRejections (node:internal/process/task_queues:95:5)
    at async msParser (C:\Users\przyg\Desktop\GitHub\ankork-quickmap\src\services\parsers\msParser.js:8:30)
    at async DataParser.ms [as parsingStrategy] (C:\Users\przyg\Desktop\GitHub\ankork-quickmap\src\services\dataParser.js:30:16)
    at async DataParser.parse (C:\Users\przyg\Desktop\GitHub\ankork-quickmap\src\services\dataParser.js:15:16)
    at async Promise.all (index 0)
    at async Object.scraper (C:\Users\przyg\Desktop\GitHub\ankork-quickmap\src\models\ms\ms.js:205:5)
[2025-03-21T09:09:38.901] [DEBUG] proxyManager - Randomly selected proxy: 86.107.115.106:60099:KCAbKGvmvE:jVRDxHf9rm
[2025-03-21T09:09:39.210] [INFO] ms - Running page: 1, pages left: -1 and 0 results. Link: https://orzeczenia.ms.gov.pl/search/advanced/$N/$N/$N/$N/$N/$N/$N/2025-02-18/2025-03-21/$N/$N/$N/$N/$N/$N/score/descending/1
[2025-03-21T09:09:39.228] [ERROR] ms - Found error scraping ms: MsHelper checkForErrorMessage: MsHelper getResultsLength: found error not locating span.big_number for date: undefined, date since: 2025-02-18 to 2025-03-21, page 1
